<?xml version="1.0" encoding="UTF-8"?>
<coverage generated="1665181972368" clover="3.2.0">
  <project timestamp="1665181972368" name="All files">
    <metrics statements="218" coveredstatements="218" conditionals="74" coveredconditionals="73" methods="126" coveredmethods="126" elements="418" coveredelements="417" complexity="0" loc="218" ncloc="218" packages="5" files="22" classes="22"/>
    <package name="src">
      <metrics statements="133" coveredstatements="133" conditionals="48" coveredconditionals="48" methods="72" coveredmethods="72"/>
      <file name="App.tsx" path="D:\275\tasks\src\App.tsx">
        <metrics statements="1" coveredstatements="1" conditionals="0" coveredconditionals="0" methods="1" coveredmethods="1"/>
        <line num="21" count="1" type="stmt"/>
      </file>
      <file name="arrays.ts" path="D:\275\tasks\src\arrays.ts">
        <metrics statements="41" coveredstatements="41" conditionals="19" coveredconditionals="19" methods="20" coveredmethods="20"/>
        <line num="8" count="6" type="cond" truecount="2" falsecount="0"/>
        <line num="9" count="1" type="stmt"/>
        <line num="11" count="5" type="stmt"/>
        <line num="20" count="17" type="stmt"/>
        <line num="21" count="6" type="stmt"/>
        <line num="29" count="7" type="stmt"/>
        <line num="30" count="18" type="cond" truecount="2" falsecount="0"/>
        <line num="32" count="7" type="stmt"/>
        <line num="42" count="1" type="stmt"/>
        <line num="43" count="22" type="stmt"/>
        <line num="44" count="8" type="stmt"/>
        <line num="45" count="22" type="cond" truecount="2" falsecount="0"/>
        <line num="47" count="8" type="stmt"/>
        <line num="55" count="1" type="stmt"/>
        <line num="56" count="20" type="stmt"/>
        <line num="57" count="6" type="stmt"/>
        <line num="58" count="15" type="cond" truecount="2" falsecount="0"/>
        <line num="60" count="6" type="stmt"/>
        <line num="68" count="6" type="stmt"/>
        <line num="69" count="22" type="stmt"/>
        <line num="71" count="6" type="stmt"/>
        <line num="80" count="9" type="cond" truecount="2" falsecount="0"/>
        <line num="81" count="1" type="stmt"/>
        <line num="83" count="8" type="stmt"/>
        <line num="84" count="19" type="cond" truecount="3" falsecount="0"/>
        <line num="87" count="8" type="stmt"/>
        <line num="98" count="5" type="cond" truecount="2" falsecount="0"/>
        <line num="99" count="1" type="stmt"/>
        <line num="101" count="12" type="stmt"/>
        <line num="102" count="4" type="stmt"/>
        <line num="103" count="4" type="stmt"/>
        <line num="104" count="4" type="stmt"/>
        <line num="117" count="17" type="stmt"/>
        <line num="118" count="7" type="cond" truecount="2" falsecount="0"/>
        <line num="119" count="7" type="stmt"/>
        <line num="121" count="15" type="stmt"/>
        <line num="122" count="7" type="stmt"/>
        <line num="123" count="7" type="cond" truecount="2" falsecount="0"/>
        <line num="124" count="5" type="stmt"/>
        <line num="126" count="2" type="stmt"/>
        <line num="128" count="7" type="stmt"/>
      </file>
      <file name="functions.ts" path="D:\275\tasks\src\functions.ts">
        <metrics statements="11" coveredstatements="11" conditionals="4" coveredconditionals="4" methods="7" coveredmethods="7"/>
        <line num="7" count="7" type="stmt"/>
        <line num="15" count="6" type="stmt"/>
        <line num="16" count="18" type="stmt"/>
        <line num="17" count="11" type="stmt"/>
        <line num="25" count="6" type="stmt"/>
        <line num="33" count="7" type="stmt"/>
        <line num="42" count="9" type="cond" truecount="2" falsecount="0"/>
        <line num="43" count="2" type="stmt"/>
        <line num="44" count="7" type="cond" truecount="2" falsecount="0"/>
        <line num="45" count="2" type="stmt"/>
        <line num="47" count="5" type="stmt"/>
      </file>
      <file name="nested.ts" path="D:\275\tasks\src\nested.ts">
        <metrics statements="57" coveredstatements="57" conditionals="21" coveredconditionals="21" methods="33" coveredmethods="33"/>
        <line num="10" count="5" type="stmt"/>
        <line num="11" count="20" type="stmt"/>
        <line num="13" count="5" type="stmt"/>
        <line num="22" count="5" type="stmt"/>
        <line num="24" count="20" type="cond" truecount="3" falsecount="0"/>
        <line num="26" count="5" type="stmt"/>
        <line num="37" count="11" type="stmt"/>
        <line num="38" count="24" type="stmt"/>
        <line num="40" count="11" type="cond" truecount="2" falsecount="0"/>
        <line num="48" count="17" type="stmt"/>
        <line num="49" count="5" type="stmt"/>
        <line num="57" count="20" type="stmt"/>
        <line num="58" count="5" type="stmt"/>
        <line num="65" count="5" type="stmt"/>
        <line num="66" count="20" type="stmt"/>
        <line num="69" count="5" type="stmt"/>
        <line num="76" count="5" type="stmt"/>
        <line num="77" count="20" type="cond" truecount="2" falsecount="0"/>
        <line num="80" count="5" type="stmt"/>
        <line num="101" count="5" type="stmt"/>
        <line num="102" count="5" type="stmt"/>
        <line num="105" count="20" type="stmt"/>
        <line num="112" count="5" type="stmt"/>
        <line num="121" count="20" type="stmt"/>
        <line num="127" count="5" type="stmt"/>
        <line num="135" count="20" type="stmt"/>
        <line num="136" count="5" type="stmt"/>
        <line num="144" count="6" type="stmt"/>
        <line num="145" count="20" type="cond" truecount="2" falsecount="0"/>
        <line num="161" count="3" type="stmt"/>
        <line num="162" count="3" type="stmt"/>
        <line num="175" count="3" type="stmt"/>
        <line num="176" count="10" type="cond" truecount="2" falsecount="0"/>
        <line num="178" count="3" type="stmt"/>
        <line num="193" count="4" type="stmt"/>
        <line num="196" count="7" type="stmt"/>
        <line num="198" count="4" type="stmt"/>
        <line num="200" count="4" type="cond" truecount="2" falsecount="0"/>
        <line num="201" count="4" type="stmt"/>
        <line num="202" count="12" type="cond" truecount="2" falsecount="0"/>
        <line num="203" count="4" type="stmt"/>
        <line num="222" count="5" type="stmt"/>
        <line num="223" count="12" type="stmt"/>
        <line num="225" count="5" type="stmt"/>
        <line num="229" count="5" type="cond" truecount="2" falsecount="0"/>
        <line num="230" count="3" type="stmt"/>
        <line num="232" count="2" type="stmt"/>
        <line num="233" count="2" type="stmt"/>
        <line num="234" count="2" type="stmt"/>
        <line num="236" count="18" type="cond" truecount="2" falsecount="0"/>
        <line num="237" count="5" type="stmt"/>
        <line num="251" count="3" type="stmt"/>
        <line num="252" count="3" type="stmt"/>
        <line num="253" count="6" type="stmt"/>
        <line num="255" count="3" type="stmt"/>
        <line num="256" count="3" type="stmt"/>
        <line num="257" count="3" type="stmt"/>
      </file>
      <file name="objects.ts" path="D:\275\tasks\src\objects.ts">
        <metrics statements="23" coveredstatements="23" conditionals="4" coveredconditionals="4" methods="11" coveredmethods="11"/>
        <line num="14" count="6" type="stmt"/>
        <line num="24" count="6" type="stmt"/>
        <line num="35" count="14" type="stmt"/>
        <line num="47" count="18" type="stmt"/>
        <line num="49" count="24" type="stmt"/>
        <line num="60" count="5" type="stmt"/>
        <line num="81" count="4" type="stmt"/>
        <line num="82" count="4" type="stmt"/>
        <line num="83" count="4" type="stmt"/>
        <line num="84" count="4" type="cond" truecount="2" falsecount="0"/>
        <line num="85" count="2" type="stmt"/>
        <line num="87" count="4" type="stmt"/>
        <line num="88" count="4" type="stmt"/>
        <line num="96" count="2" type="stmt"/>
        <line num="97" count="2" type="stmt"/>
        <line num="106" count="4" type="stmt"/>
        <line num="107" count="4" type="stmt"/>
        <line num="117" count="5" type="stmt"/>
        <line num="123" count="5" type="stmt"/>
        <line num="134" count="2" type="stmt"/>
        <line num="135" count="2" type="stmt"/>
        <line num="152" count="2" type="stmt"/>
        <line num="159" count="2" type="stmt"/>
      </file>
    </package>
    <package name="src.bad-components">
      <metrics statements="26" coveredstatements="26" conditionals="2" coveredconditionals="1" methods="20" coveredmethods="20"/>
      <file name="ChooseTeam.tsx" path="D:\275\tasks\src\bad-components\ChooseTeam.tsx">
        <metrics statements="9" coveredstatements="9" conditionals="2" coveredconditionals="1" methods="6" coveredmethods="6"/>
        <line num="4" count="2" type="stmt"/>
        <line num="14" count="17" type="stmt"/>
        <line num="22" count="9" type="cond" truecount="1" falsecount="1"/>
        <line num="23" count="9" type="stmt"/>
        <line num="31" count="1" type="stmt"/>
        <line num="34" count="17" type="stmt"/>
        <line num="41" count="102" type="stmt"/>
        <line num="44" count="9" type="stmt"/>
        <line num="56" count="15" type="stmt"/>
      </file>
      <file name="ColoredBox.tsx" path="D:\275\tasks\src\bad-components\ColoredBox.tsx">
        <metrics statements="7" coveredstatements="7" conditionals="0" coveredconditionals="0" methods="5" coveredmethods="5"/>
        <line num="4" count="2" type="stmt"/>
        <line num="5" count="2" type="stmt"/>
        <line num="12" count="7" type="stmt"/>
        <line num="16" count="7" type="stmt"/>
        <line num="32" count="7" type="stmt"/>
        <line num="34" count="3" type="stmt"/>
        <line num="36" count="7" type="stmt"/>
      </file>
      <file name="DoubleHalf.tsx" path="D:\275\tasks\src\bad-components\DoubleHalf.tsx">
        <metrics statements="4" coveredstatements="4" conditionals="0" coveredconditionals="0" methods="5" coveredmethods="5"/>
        <line num="10" count="14" type="stmt"/>
        <line num="14" count="14" type="stmt"/>
        <line num="18" count="14" type="stmt"/>
        <line num="19" count="14" type="stmt"/>
      </file>
      <file name="ShoveBox.tsx" path="D:\275\tasks\src\bad-components\ShoveBox.tsx">
        <metrics statements="6" coveredstatements="6" conditionals="0" coveredconditionals="0" methods="4" coveredmethods="4"/>
        <line num="11" count="7" type="stmt"/>
        <line num="12" count="3" type="stmt"/>
        <line num="17" count="7" type="stmt"/>
        <line num="34" count="7" type="stmt"/>
        <line num="35" count="7" type="stmt"/>
        <line num="36" count="7" type="stmt"/>
      </file>
    </package>
    <package name="src.components">
      <metrics statements="34" coveredstatements="34" conditionals="14" coveredconditionals="14" methods="18" coveredmethods="18"/>
      <file name="ChangeType.tsx" path="D:\275\tasks\src\components\ChangeType.tsx">
        <metrics statements="3" coveredstatements="3" conditionals="4" coveredconditionals="4" methods="2" coveredmethods="2"/>
        <line num="6" count="9" type="stmt"/>
        <line num="7" count="9" type="stmt"/>
        <line num="11" count="3" type="stmt"/>
      </file>
      <file name="Counter.tsx" path="D:\275\tasks\src\components\Counter.tsx">
        <metrics statements="3" coveredstatements="3" conditionals="0" coveredconditionals="0" methods="2" coveredmethods="2"/>
        <line num="5" count="9" type="stmt"/>
        <line num="6" count="9" type="stmt"/>
        <line num="8" count="3" type="stmt"/>
      </file>
      <file name="CycleHoliday.tsx" path="D:\275\tasks\src\components\CycleHoliday.tsx">
        <metrics statements="6" coveredstatements="6" conditionals="0" coveredconditionals="0" methods="3" coveredmethods="3"/>
        <line num="4" count="2" type="stmt"/>
        <line num="12" count="2" type="stmt"/>
        <line num="29" count="17" type="stmt"/>
        <line num="30" count="17" type="stmt"/>
        <line num="35" count="6" type="stmt"/>
        <line num="40" count="6" type="stmt"/>
      </file>
      <file name="RevealAnswer.tsx" path="D:\275\tasks\src\components\RevealAnswer.tsx">
        <metrics statements="3" coveredstatements="3" conditionals="2" coveredconditionals="2" methods="2" coveredmethods="2"/>
        <line num="5" count="8" type="stmt"/>
        <line num="6" count="8" type="stmt"/>
        <line num="8" count="3" type="stmt"/>
      </file>
      <file name="StartAttempt.tsx" path="D:\275\tasks\src\components\StartAttempt.tsx">
        <metrics statements="8" coveredstatements="8" conditionals="4" coveredconditionals="4" methods="5" coveredmethods="5"/>
        <line num="5" count="65" type="stmt"/>
        <line num="6" count="65" type="stmt"/>
        <line num="8" count="16" type="stmt"/>
        <line num="9" count="16" type="stmt"/>
        <line num="11" count="65" type="stmt"/>
        <line num="17" count="16" type="stmt"/>
        <line num="25" count="12" type="stmt"/>
        <line num="33" count="10" type="stmt"/>
      </file>
      <file name="TwoDice.tsx" path="D:\275\tasks\src\components\TwoDice.tsx">
        <metrics statements="11" coveredstatements="11" conditionals="4" coveredconditionals="4" methods="4" coveredmethods="4"/>
        <line num="11" count="17" type="stmt"/>
        <line num="25" count="26" type="stmt"/>
        <line num="26" count="26" type="stmt"/>
        <line num="27" count="26" type="stmt"/>
        <line num="28" count="26" type="cond" truecount="2" falsecount="0"/>
        <line num="29" count="2" type="cond" truecount="2" falsecount="0"/>
        <line num="30" count="1" type="stmt"/>
        <line num="32" count="1" type="stmt"/>
        <line num="35" count="26" type="stmt"/>
        <line num="40" count="8" type="stmt"/>
        <line num="43" count="9" type="stmt"/>
      </file>
    </package>
    <package name="src.form-components">
      <metrics statements="25" coveredstatements="25" conditionals="10" coveredconditionals="10" methods="16" coveredmethods="16"/>
      <file name="ChangeColor.tsx" path="D:\275\tasks\src\form-components\ChangeColor.tsx">
        <metrics statements="5" coveredstatements="5" conditionals="0" coveredconditionals="0" methods="3" coveredmethods="3"/>
        <line num="5" count="6" type="stmt"/>
        <line num="15" count="6" type="stmt"/>
        <line num="16" count="6" type="stmt"/>
        <line num="19" count="48" type="stmt"/>
        <line num="24" count="3" type="stmt"/>
      </file>
      <file name="CheckAnswer.tsx" path="D:\275\tasks\src\form-components\CheckAnswer.tsx">
        <metrics statements="3" coveredstatements="3" conditionals="2" coveredconditionals="2" methods="2" coveredmethods="2"/>
        <line num="9" count="18" type="stmt"/>
        <line num="11" count="11" type="stmt"/>
        <line num="14" count="18" type="stmt"/>
      </file>
      <file name="EditMode.tsx" path="D:\275\tasks\src\form-components\EditMode.tsx">
        <metrics statements="7" coveredstatements="7" conditionals="4" coveredconditionals="4" methods="4" coveredmethods="4"/>
        <line num="5" count="37" type="stmt"/>
        <line num="6" count="37" type="stmt"/>
        <line num="7" count="37" type="stmt"/>
        <line num="9" count="23" type="stmt"/>
        <line num="11" count="37" type="stmt"/>
        <line num="18" count="5" type="stmt"/>
        <line num="31" count="3" type="stmt"/>
      </file>
      <file name="GiveAttempts.tsx" path="D:\275\tasks\src\form-components\GiveAttempts.tsx">
        <metrics statements="6" coveredstatements="6" conditionals="2" coveredconditionals="2" methods="4" coveredmethods="4"/>
        <line num="5" count="16" type="stmt"/>
        <line num="6" count="16" type="stmt"/>
        <line num="8" count="5" type="stmt"/>
        <line num="10" count="16" type="stmt"/>
        <line num="22" count="3" type="cond" truecount="2" falsecount="0"/>
        <line num="27" count="3" type="stmt"/>
      </file>
      <file name="MultipleChoiceQuestion.tsx" path="D:\275\tasks\src\form-components\MultipleChoiceQuestion.tsx">
        <metrics statements="4" coveredstatements="4" conditionals="2" coveredconditionals="2" methods="3" coveredmethods="3"/>
        <line num="11" count="12" type="stmt"/>
        <line num="13" count="5" type="stmt"/>
        <line num="15" count="12" type="stmt"/>
        <line num="22" count="34" type="stmt"/>
      </file>
    </package>
    <package name="src.interfaces">
      <metrics statements="0" coveredstatements="0" conditionals="0" coveredconditionals="0" methods="0" coveredmethods="0"/>
      <file name="answer.ts" path="D:\275\tasks\src\interfaces\answer.ts">
        <metrics statements="0" coveredstatements="0" conditionals="0" coveredconditionals="0" methods="0" coveredmethods="0"/>
      </file>
      <file name="question.ts" path="D:\275\tasks\src\interfaces\question.ts">
        <metrics statements="0" coveredstatements="0" conditionals="0" coveredconditionals="0" methods="0" coveredmethods="0"/>
      </file>
    </package>
  </project>
</coverage>
