{"D:\\275\\tasks\\src\\App.tsx": {"path":"D:\\275\\tasks\\src\\App.tsx","statementMap":{"0":{"start":{"line":21,"column":4},"end":{"line":60,"column":6}}},"fnMap":{"0":{"name":"App","decl":{"start":{"line":20,"column":9},"end":{"line":20,"column":12}},"loc":{"start":{"line":20,"column":28},"end":{"line":61,"column":1}},"line":20}},"branchMap":{},"s":{"0":1},"f":{"0":1},"b":{},"_coverageSchema":"1a1c01bbd47fc00a2c39e90264f33305004495a9","hash":"d7e057c4e63579750fc977bb2254153499f108d4"}
,"D:\\275\\tasks\\src\\arrays.ts": {"path":"D:\\275\\tasks\\src\\arrays.ts","statementMap":{"0":{"start":{"line":8,"column":4},"end":{"line":12,"column":5}},"1":{"start":{"line":9,"column":8},"end":{"line":9,"column":18}},"2":{"start":{"line":11,"column":8},"end":{"line":11,"column":57}},"3":{"start":{"line":20,"column":4},"end":{"line":20,"column":40}},"4":{"start":{"line":20,"column":33},"end":{"line":20,"column":38}},"5":{"start":{"line":21,"column":4},"end":{"line":21,"column":19}},"6":{"start":{"line":29,"column":30},"end":{"line":31,"column":5}},"7":{"start":{"line":30,"column":8},"end":{"line":30,"column":44}},"8":{"start":{"line":32,"column":4},"end":{"line":32,"column":19}},"9":{"start":{"line":42,"column":29},"end":{"line":48,"column":1}},"10":{"start":{"line":43,"column":4},"end":{"line":43,"column":53}},"11":{"start":{"line":43,"column":33},"end":{"line":43,"column":51}},"12":{"start":{"line":44,"column":27},"end":{"line":46,"column":5}},"13":{"start":{"line":45,"column":8},"end":{"line":45,"column":44}},"14":{"start":{"line":47,"column":4},"end":{"line":47,"column":16}},"15":{"start":{"line":55,"column":33},"end":{"line":61,"column":1}},"16":{"start":{"line":56,"column":4},"end":{"line":56,"column":79}},"17":{"start":{"line":56,"column":57},"end":{"line":56,"column":77}},"18":{"start":{"line":57,"column":29},"end":{"line":59,"column":5}},"19":{"start":{"line":58,"column":8},"end":{"line":58,"column":49}},"20":{"start":{"line":60,"column":4},"end":{"line":60,"column":18}},"21":{"start":{"line":68,"column":26},"end":{"line":70,"column":5}},"22":{"start":{"line":69,"column":34},"end":{"line":69,"column":48}},"23":{"start":{"line":71,"column":4},"end":{"line":71,"column":22}},"24":{"start":{"line":80,"column":4},"end":{"line":82,"column":5}},"25":{"start":{"line":81,"column":8},"end":{"line":81,"column":20}},"26":{"start":{"line":83,"column":25},"end":{"line":86,"column":5}},"27":{"start":{"line":84,"column":23},"end":{"line":84,"column":67}},"28":{"start":{"line":87,"column":4},"end":{"line":87,"column":15}},"29":{"start":{"line":98,"column":4},"end":{"line":100,"column":5}},"30":{"start":{"line":99,"column":8},"end":{"line":99,"column":21}},"31":{"start":{"line":101,"column":24},"end":{"line":101,"column":77}},"32":{"start":{"line":101,"column":66},"end":{"line":101,"column":72}},"33":{"start":{"line":102,"column":22},"end":{"line":102,"column":39}},"34":{"start":{"line":103,"column":4},"end":{"line":103,"column":37}},"35":{"start":{"line":104,"column":4},"end":{"line":104,"column":15}},"36":{"start":{"line":117,"column":22},"end":{"line":117,"column":73}},"37":{"start":{"line":117,"column":65},"end":{"line":117,"column":72}},"38":{"start":{"line":118,"column":4},"end":{"line":118,"column":43}},"39":{"start":{"line":119,"column":24},"end":{"line":121,"column":58}},"40":{"start":{"line":121,"column":45},"end":{"line":121,"column":53}},"41":{"start":{"line":122,"column":28},"end":{"line":122,"column":39}},"42":{"start":{"line":123,"column":4},"end":{"line":127,"column":5}},"43":{"start":{"line":124,"column":8},"end":{"line":124,"column":36}},"44":{"start":{"line":126,"column":8},"end":{"line":126,"column":40}},"45":{"start":{"line":128,"column":4},"end":{"line":128,"column":19}}},"fnMap":{"0":{"name":"bookEndList","decl":{"start":{"line":7,"column":16},"end":{"line":7,"column":27}},"loc":{"start":{"line":7,"column":57},"end":{"line":13,"column":1}},"line":7},"1":{"name":"tripleNumbers","decl":{"start":{"line":19,"column":16},"end":{"line":19,"column":29}},"loc":{"start":{"line":19,"column":59},"end":{"line":22,"column":1}},"line":19},"2":{"name":"(anonymous_2)","decl":{"start":{"line":20,"column":26},"end":{"line":20,"column":27}},"loc":{"start":{"line":20,"column":33},"end":{"line":20,"column":38}},"line":20},"3":{"name":"stringsToIntegers","decl":{"start":{"line":28,"column":16},"end":{"line":28,"column":33}},"loc":{"start":{"line":28,"column":63},"end":{"line":33,"column":1}},"line":28},"4":{"name":"(anonymous_4)","decl":{"start":{"line":29,"column":42},"end":{"line":29,"column":43}},"loc":{"start":{"line":30,"column":8},"end":{"line":30,"column":44}},"line":30},"5":{"name":"(anonymous_5)","decl":{"start":{"line":42,"column":29},"end":{"line":42,"column":30}},"loc":{"start":{"line":42,"column":62},"end":{"line":48,"column":1}},"line":42},"6":{"name":"(anonymous_6)","decl":{"start":{"line":43,"column":26},"end":{"line":43,"column":27}},"loc":{"start":{"line":43,"column":33},"end":{"line":43,"column":51}},"line":43},"7":{"name":"(anonymous_7)","decl":{"start":{"line":44,"column":39},"end":{"line":44,"column":40}},"loc":{"start":{"line":45,"column":8},"end":{"line":45,"column":44}},"line":45},"8":{"name":"(anonymous_8)","decl":{"start":{"line":55,"column":33},"end":{"line":55,"column":34}},"loc":{"start":{"line":55,"column":67},"end":{"line":61,"column":1}},"line":55},"9":{"name":"(anonymous_9)","decl":{"start":{"line":56,"column":31},"end":{"line":56,"column":32}},"loc":{"start":{"line":56,"column":57},"end":{"line":56,"column":77}},"line":56},"10":{"name":"(anonymous_10)","decl":{"start":{"line":57,"column":42},"end":{"line":57,"column":43}},"loc":{"start":{"line":58,"column":8},"end":{"line":58,"column":49}},"line":58},"11":{"name":"countShortWords","decl":{"start":{"line":67,"column":16},"end":{"line":67,"column":31}},"loc":{"start":{"line":67,"column":57},"end":{"line":72,"column":1}},"line":67},"12":{"name":"(anonymous_12)","decl":{"start":{"line":69,"column":8},"end":{"line":69,"column":9}},"loc":{"start":{"line":69,"column":34},"end":{"line":69,"column":48}},"line":69},"13":{"name":"allRGB","decl":{"start":{"line":79,"column":16},"end":{"line":79,"column":22}},"loc":{"start":{"line":79,"column":50},"end":{"line":88,"column":1}},"line":79},"14":{"name":"(anonymous_14)","decl":{"start":{"line":84,"column":8},"end":{"line":84,"column":9}},"loc":{"start":{"line":84,"column":23},"end":{"line":84,"column":67}},"line":84},"15":{"name":"makeMath","decl":{"start":{"line":97,"column":16},"end":{"line":97,"column":24}},"loc":{"start":{"line":97,"column":52},"end":{"line":105,"column":1}},"line":97},"16":{"name":"(anonymous_16)","decl":{"start":{"line":101,"column":39},"end":{"line":101,"column":40}},"loc":{"start":{"line":101,"column":66},"end":{"line":101,"column":72}},"line":101},"17":{"name":"injectPositive","decl":{"start":{"line":116,"column":16},"end":{"line":116,"column":30}},"loc":{"start":{"line":116,"column":59},"end":{"line":129,"column":1}},"line":116},"18":{"name":"(anonymous_18)","decl":{"start":{"line":117,"column":39},"end":{"line":117,"column":40}},"loc":{"start":{"line":117,"column":65},"end":{"line":117,"column":72}},"line":117},"19":{"name":"(anonymous_19)","decl":{"start":{"line":121,"column":16},"end":{"line":121,"column":17}},"loc":{"start":{"line":121,"column":45},"end":{"line":121,"column":53}},"line":121}},"branchMap":{"0":{"loc":{"start":{"line":8,"column":4},"end":{"line":12,"column":5}},"type":"if","locations":[{"start":{"line":8,"column":4},"end":{"line":12,"column":5}},{"start":{"line":10,"column":11},"end":{"line":12,"column":5}}],"line":8},"1":{"loc":{"start":{"line":30,"column":8},"end":{"line":30,"column":44}},"type":"cond-expr","locations":[{"start":{"line":30,"column":29},"end":{"line":30,"column":30}},{"start":{"line":30,"column":33},"end":{"line":30,"column":44}}],"line":30},"2":{"loc":{"start":{"line":45,"column":8},"end":{"line":45,"column":44}},"type":"cond-expr","locations":[{"start":{"line":45,"column":29},"end":{"line":45,"column":30}},{"start":{"line":45,"column":33},"end":{"line":45,"column":44}}],"line":45},"3":{"loc":{"start":{"line":58,"column":8},"end":{"line":58,"column":49}},"type":"cond-expr","locations":[{"start":{"line":58,"column":30},"end":{"line":58,"column":45}},{"start":{"line":58,"column":48},"end":{"line":58,"column":49}}],"line":58},"4":{"loc":{"start":{"line":80,"column":4},"end":{"line":82,"column":5}},"type":"if","locations":[{"start":{"line":80,"column":4},"end":{"line":82,"column":5}},{"start":{},"end":{}}],"line":80},"5":{"loc":{"start":{"line":84,"column":23},"end":{"line":84,"column":67}},"type":"binary-expr","locations":[{"start":{"line":84,"column":23},"end":{"line":84,"column":34}},{"start":{"line":84,"column":38},"end":{"line":84,"column":51}},{"start":{"line":84,"column":55},"end":{"line":84,"column":67}}],"line":84},"6":{"loc":{"start":{"line":98,"column":4},"end":{"line":100,"column":5}},"type":"if","locations":[{"start":{"line":98,"column":4},"end":{"line":100,"column":5}},{"start":{},"end":{}}],"line":98},"7":{"loc":{"start":{"line":118,"column":10},"end":{"line":118,"column":42}},"type":"cond-expr","locations":[{"start":{"line":118,"column":23},"end":{"line":118,"column":36}},{"start":{"line":118,"column":39},"end":{"line":118,"column":42}}],"line":118},"8":{"loc":{"start":{"line":123,"column":4},"end":{"line":127,"column":5}},"type":"if","locations":[{"start":{"line":123,"column":4},"end":{"line":127,"column":5}},{"start":{"line":125,"column":11},"end":{"line":127,"column":5}}],"line":123}},"s":{"0":6,"1":1,"2":5,"3":6,"4":17,"5":6,"6":7,"7":18,"8":7,"9":1,"10":8,"11":22,"12":8,"13":22,"14":8,"15":1,"16":6,"17":20,"18":6,"19":15,"20":6,"21":6,"22":22,"23":6,"24":9,"25":1,"26":8,"27":19,"28":8,"29":5,"30":1,"31":4,"32":12,"33":4,"34":4,"35":4,"36":7,"37":17,"38":7,"39":7,"40":15,"41":7,"42":7,"43":5,"44":2,"45":7},"f":{"0":6,"1":6,"2":17,"3":7,"4":18,"5":8,"6":22,"7":22,"8":6,"9":20,"10":15,"11":6,"12":22,"13":9,"14":19,"15":5,"16":12,"17":7,"18":17,"19":15},"b":{"0":[1,5],"1":[6,12],"2":[7,15],"3":[8,7],"4":[1,8],"5":[19,10,7],"6":[1,4],"7":[5,2],"8":[5,2]},"_coverageSchema":"1a1c01bbd47fc00a2c39e90264f33305004495a9","hash":"141b129962e0d7efd421ebe792f77d2750118b6c"}
,"D:\\275\\tasks\\src\\functions.ts": {"path":"D:\\275\\tasks\\src\\functions.ts","statementMap":{"0":{"start":{"line":7,"column":4},"end":{"line":7,"column":40}},"1":{"start":{"line":15,"column":16},"end":{"line":15,"column":38}},"2":{"start":{"line":16,"column":19},"end":{"line":16,"column":64}},"3":{"start":{"line":16,"column":56},"end":{"line":16,"column":63}},"4":{"start":{"line":17,"column":4},"end":{"line":17,"column":69}},"5":{"start":{"line":17,"column":55},"end":{"line":17,"column":64}},"6":{"start":{"line":25,"column":4},"end":{"line":25,"column":39}},"7":{"start":{"line":33,"column":4},"end":{"line":33,"column":37}},"8":{"start":{"line":42,"column":4},"end":{"line":48,"column":5}},"9":{"start":{"line":43,"column":8},"end":{"line":43,"column":20}},"10":{"start":{"line":44,"column":11},"end":{"line":48,"column":5}},"11":{"start":{"line":45,"column":8},"end":{"line":45,"column":21}},"12":{"start":{"line":47,"column":8},"end":{"line":47,"column":20}}},"fnMap":{"0":{"name":"fahrenheitToCelius","decl":{"start":{"line":6,"column":16},"end":{"line":6,"column":34}},"loc":{"start":{"line":6,"column":64},"end":{"line":8,"column":1}},"line":6},"1":{"name":"add3","decl":{"start":{"line":14,"column":16},"end":{"line":14,"column":20}},"loc":{"start":{"line":14,"column":75},"end":{"line":18,"column":1}},"line":14},"2":{"name":"(anonymous_2)","decl":{"start":{"line":16,"column":30},"end":{"line":16,"column":31}},"loc":{"start":{"line":16,"column":56},"end":{"line":16,"column":63}},"line":16},"3":{"name":"(anonymous_3)","decl":{"start":{"line":17,"column":25},"end":{"line":17,"column":26}},"loc":{"start":{"line":17,"column":55},"end":{"line":17,"column":64}},"line":17},"4":{"name":"shout","decl":{"start":{"line":24,"column":16},"end":{"line":24,"column":21}},"loc":{"start":{"line":24,"column":47},"end":{"line":26,"column":1}},"line":24},"5":{"name":"isQuestion","decl":{"start":{"line":32,"column":16},"end":{"line":32,"column":26}},"loc":{"start":{"line":32,"column":53},"end":{"line":34,"column":1}},"line":32},"6":{"name":"convertYesNo","decl":{"start":{"line":41,"column":16},"end":{"line":41,"column":28}},"loc":{"start":{"line":41,"column":59},"end":{"line":49,"column":1}},"line":41}},"branchMap":{"0":{"loc":{"start":{"line":42,"column":4},"end":{"line":48,"column":5}},"type":"if","locations":[{"start":{"line":42,"column":4},"end":{"line":48,"column":5}},{"start":{"line":44,"column":11},"end":{"line":48,"column":5}}],"line":42},"1":{"loc":{"start":{"line":44,"column":11},"end":{"line":48,"column":5}},"type":"if","locations":[{"start":{"line":44,"column":11},"end":{"line":48,"column":5}},{"start":{"line":46,"column":11},"end":{"line":48,"column":5}}],"line":44}},"s":{"0":7,"1":6,"2":6,"3":18,"4":6,"5":11,"6":6,"7":7,"8":9,"9":2,"10":7,"11":2,"12":5},"f":{"0":7,"1":6,"2":18,"3":11,"4":6,"5":7,"6":9},"b":{"0":[2,7],"1":[2,5]},"_coverageSchema":"1a1c01bbd47fc00a2c39e90264f33305004495a9","hash":"a4c9eab5732d079461337d3a7e1d56e7debb46f7"}
,"D:\\275\\tasks\\src\\nested.ts": {"path":"D:\\275\\tasks\\src\\nested.ts","statementMap":{"0":{"start":{"line":10,"column":28},"end":{"line":12,"column":5}},"1":{"start":{"line":11,"column":34},"end":{"line":11,"column":45}},"2":{"start":{"line":13,"column":4},"end":{"line":13,"column":15}},"3":{"start":{"line":22,"column":33},"end":{"line":25,"column":5}},"4":{"start":{"line":24,"column":12},"end":{"line":24,"column":69}},"5":{"start":{"line":26,"column":4},"end":{"line":26,"column":20}},"6":{"start":{"line":37,"column":36},"end":{"line":39,"column":5}},"7":{"start":{"line":38,"column":34},"end":{"line":38,"column":45}},"8":{"start":{"line":40,"column":4},"end":{"line":40,"column":38}},"9":{"start":{"line":48,"column":4},"end":{"line":48,"column":71}},"10":{"start":{"line":48,"column":59},"end":{"line":48,"column":69}},"11":{"start":{"line":49,"column":4},"end":{"line":49,"column":21}},"12":{"start":{"line":57,"column":24},"end":{"line":57,"column":56}},"13":{"start":{"line":57,"column":47},"end":{"line":57,"column":55}},"14":{"start":{"line":58,"column":4},"end":{"line":58,"column":13}},"15":{"start":{"line":65,"column":24},"end":{"line":68,"column":5}},"16":{"start":{"line":66,"column":37},"end":{"line":66,"column":50}},"17":{"start":{"line":69,"column":4},"end":{"line":69,"column":15}},"18":{"start":{"line":76,"column":24},"end":{"line":79,"column":5}},"19":{"start":{"line":77,"column":37},"end":{"line":77,"column":71}},"20":{"start":{"line":80,"column":4},"end":{"line":80,"column":15}},"21":{"start":{"line":101,"column":14},"end":{"line":101,"column":50}},"22":{"start":{"line":102,"column":4},"end":{"line":111,"column":20}},"23":{"start":{"line":105,"column":16},"end":{"line":109,"column":18}},"24":{"start":{"line":112,"column":4},"end":{"line":112,"column":15}},"25":{"start":{"line":121,"column":24},"end":{"line":126,"column":7}},"26":{"start":{"line":121,"column":46},"end":{"line":126,"column":5}},"27":{"start":{"line":127,"column":4},"end":{"line":127,"column":13}},"28":{"start":{"line":135,"column":26},"end":{"line":135,"column":79}},"29":{"start":{"line":135,"column":50},"end":{"line":135,"column":77}},"30":{"start":{"line":136,"column":4},"end":{"line":136,"column":13}},"31":{"start":{"line":144,"column":4},"end":{"line":147,"column":6}},"32":{"start":{"line":145,"column":38},"end":{"line":145,"column":75}},"33":{"start":{"line":161,"column":4},"end":{"line":161,"column":66}},"34":{"start":{"line":162,"column":4},"end":{"line":162,"column":21}},"35":{"start":{"line":175,"column":26},"end":{"line":177,"column":5}},"36":{"start":{"line":176,"column":8},"end":{"line":176,"column":55}},"37":{"start":{"line":178,"column":4},"end":{"line":178,"column":13}},"38":{"start":{"line":193,"column":29},"end":{"line":197,"column":5}},"39":{"start":{"line":196,"column":36},"end":{"line":196,"column":55}},"40":{"start":{"line":198,"column":28},"end":{"line":198,"column":47}},"41":{"start":{"line":200,"column":8},"end":{"line":200,"column":64}},"42":{"start":{"line":201,"column":24},"end":{"line":201,"column":76}},"43":{"start":{"line":202,"column":27},"end":{"line":202,"column":73}},"44":{"start":{"line":202,"column":50},"end":{"line":202,"column":71}},"45":{"start":{"line":203,"column":4},"end":{"line":203,"column":14}},"46":{"start":{"line":222,"column":24},"end":{"line":224,"column":5}},"47":{"start":{"line":223,"column":36},"end":{"line":223,"column":55}},"48":{"start":{"line":225,"column":22},"end":{"line":228,"column":5}},"49":{"start":{"line":229,"column":4},"end":{"line":235,"column":5}},"50":{"start":{"line":230,"column":8},"end":{"line":230,"column":57}},"51":{"start":{"line":232,"column":28},"end":{"line":232,"column":42}},"52":{"start":{"line":233,"column":8},"end":{"line":233,"column":50}},"53":{"start":{"line":234,"column":8},"end":{"line":234,"column":33}},"54":{"start":{"line":236,"column":27},"end":{"line":236,"column":79}},"55":{"start":{"line":236,"column":50},"end":{"line":236,"column":77}},"56":{"start":{"line":237,"column":4},"end":{"line":237,"column":14}},"57":{"start":{"line":251,"column":27},"end":{"line":251,"column":41}},"58":{"start":{"line":252,"column":29},"end":{"line":254,"column":5}},"59":{"start":{"line":253,"column":36},"end":{"line":253,"column":55}},"60":{"start":{"line":255,"column":24},"end":{"line":255,"column":69}},"61":{"start":{"line":256,"column":4},"end":{"line":256,"column":34}},"62":{"start":{"line":257,"column":4},"end":{"line":257,"column":14}}},"fnMap":{"0":{"name":"getPublishedQuestions","decl":{"start":{"line":9,"column":16},"end":{"line":9,"column":37}},"loc":{"start":{"line":9,"column":73},"end":{"line":14,"column":1}},"line":9},"1":{"name":"(anonymous_1)","decl":{"start":{"line":11,"column":8},"end":{"line":11,"column":9}},"loc":{"start":{"line":11,"column":34},"end":{"line":11,"column":45}},"line":11},"2":{"name":"getNonEmptyQuestions","decl":{"start":{"line":21,"column":16},"end":{"line":21,"column":36}},"loc":{"start":{"line":21,"column":72},"end":{"line":27,"column":1}},"line":21},"3":{"name":"(anonymous_3)","decl":{"start":{"line":23,"column":8},"end":{"line":23,"column":9}},"loc":{"start":{"line":24,"column":12},"end":{"line":24,"column":69}},"line":24},"4":{"name":"findQuestion","decl":{"start":{"line":33,"column":16},"end":{"line":33,"column":28}},"loc":{"start":{"line":36,"column":19},"end":{"line":41,"column":1}},"line":36},"5":{"name":"(anonymous_5)","decl":{"start":{"line":38,"column":8},"end":{"line":38,"column":9}},"loc":{"start":{"line":38,"column":34},"end":{"line":38,"column":45}},"line":38},"6":{"name":"removeQuestion","decl":{"start":{"line":47,"column":16},"end":{"line":47,"column":30}},"loc":{"start":{"line":47,"column":78},"end":{"line":50,"column":1}},"line":47},"7":{"name":"(anonymous_7)","decl":{"start":{"line":48,"column":33},"end":{"line":48,"column":34}},"loc":{"start":{"line":48,"column":59},"end":{"line":48,"column":69}},"line":48},"8":{"name":"getNames","decl":{"start":{"line":56,"column":16},"end":{"line":56,"column":24}},"loc":{"start":{"line":56,"column":58},"end":{"line":59,"column":1}},"line":56},"9":{"name":"(anonymous_9)","decl":{"start":{"line":57,"column":38},"end":{"line":57,"column":39}},"loc":{"start":{"line":57,"column":47},"end":{"line":57,"column":55}},"line":57},"10":{"name":"sumPoints","decl":{"start":{"line":64,"column":16},"end":{"line":64,"column":25}},"loc":{"start":{"line":64,"column":57},"end":{"line":70,"column":1}},"line":64},"11":{"name":"(anonymous_11)","decl":{"start":{"line":66,"column":8},"end":{"line":66,"column":9}},"loc":{"start":{"line":66,"column":37},"end":{"line":66,"column":50}},"line":66},"12":{"name":"sumPublishedPoints","decl":{"start":{"line":75,"column":16},"end":{"line":75,"column":34}},"loc":{"start":{"line":75,"column":66},"end":{"line":81,"column":1}},"line":75},"13":{"name":"(anonymous_13)","decl":{"start":{"line":77,"column":8},"end":{"line":77,"column":9}},"loc":{"start":{"line":77,"column":37},"end":{"line":77,"column":71}},"line":77},"14":{"name":"toCSV","decl":{"start":{"line":100,"column":16},"end":{"line":100,"column":21}},"loc":{"start":{"line":100,"column":53},"end":{"line":113,"column":1}},"line":100},"15":{"name":"(anonymous_15)","decl":{"start":{"line":104,"column":12},"end":{"line":104,"column":13}},"loc":{"start":{"line":105,"column":16},"end":{"line":109,"column":18}},"line":105},"16":{"name":"makeAnswers","decl":{"start":{"line":120,"column":16},"end":{"line":120,"column":27}},"loc":{"start":{"line":120,"column":61},"end":{"line":128,"column":1}},"line":120},"17":{"name":"(anonymous_17)","decl":{"start":{"line":121,"column":38},"end":{"line":121,"column":39}},"loc":{"start":{"line":121,"column":46},"end":{"line":126,"column":5}},"line":121},"18":{"name":"publishAll","decl":{"start":{"line":134,"column":16},"end":{"line":134,"column":26}},"loc":{"start":{"line":134,"column":62},"end":{"line":137,"column":1}},"line":134},"19":{"name":"(anonymous_19)","decl":{"start":{"line":135,"column":40},"end":{"line":135,"column":41}},"loc":{"start":{"line":135,"column":50},"end":{"line":135,"column":77}},"line":135},"20":{"name":"sameType","decl":{"start":{"line":143,"column":16},"end":{"line":143,"column":24}},"loc":{"start":{"line":143,"column":57},"end":{"line":148,"column":1}},"line":143},"21":{"name":"(anonymous_21)","decl":{"start":{"line":145,"column":8},"end":{"line":145,"column":9}},"loc":{"start":{"line":145,"column":38},"end":{"line":145,"column":75}},"line":145},"22":{"name":"addNewQuestion","decl":{"start":{"line":155,"column":16},"end":{"line":155,"column":30}},"loc":{"start":{"line":160,"column":14},"end":{"line":163,"column":1}},"line":160},"23":{"name":"renameQuestionById","decl":{"start":{"line":170,"column":16},"end":{"line":170,"column":34}},"loc":{"start":{"line":174,"column":14},"end":{"line":179,"column":1}},"line":174},"24":{"name":"(anonymous_24)","decl":{"start":{"line":175,"column":40},"end":{"line":175,"column":41}},"loc":{"start":{"line":176,"column":8},"end":{"line":176,"column":55}},"line":176},"25":{"name":"changeQuestionTypeById","decl":{"start":{"line":188,"column":16},"end":{"line":188,"column":38}},"loc":{"start":{"line":192,"column":14},"end":{"line":204,"column":1}},"line":192},"26":{"name":"(anonymous_26)","decl":{"start":{"line":196,"column":8},"end":{"line":196,"column":9}},"loc":{"start":{"line":196,"column":36},"end":{"line":196,"column":55}},"line":196},"27":{"name":"(anonymous_27)","decl":{"start":{"line":202,"column":41},"end":{"line":202,"column":42}},"loc":{"start":{"line":202,"column":50},"end":{"line":202,"column":71}},"line":202},"28":{"name":"editOption","decl":{"start":{"line":216,"column":16},"end":{"line":216,"column":26}},"loc":{"start":{"line":221,"column":14},"end":{"line":238,"column":1}},"line":221},"29":{"name":"(anonymous_29)","decl":{"start":{"line":223,"column":8},"end":{"line":223,"column":9}},"loc":{"start":{"line":223,"column":36},"end":{"line":223,"column":55}},"line":223},"30":{"name":"(anonymous_30)","decl":{"start":{"line":236,"column":41},"end":{"line":236,"column":42}},"loc":{"start":{"line":236,"column":50},"end":{"line":236,"column":77}},"line":236},"31":{"name":"duplicateQuestionInArray","decl":{"start":{"line":246,"column":16},"end":{"line":246,"column":40}},"loc":{"start":{"line":250,"column":14},"end":{"line":258,"column":1}},"line":250},"32":{"name":"(anonymous_32)","decl":{"start":{"line":253,"column":8},"end":{"line":253,"column":9}},"loc":{"start":{"line":253,"column":36},"end":{"line":253,"column":55}},"line":253}},"branchMap":{"0":{"loc":{"start":{"line":24,"column":12},"end":{"line":24,"column":69}},"type":"binary-expr","locations":[{"start":{"line":24,"column":12},"end":{"line":24,"column":24}},{"start":{"line":24,"column":28},"end":{"line":24,"column":44}},{"start":{"line":24,"column":48},"end":{"line":24,"column":69}}],"line":24},"1":{"loc":{"start":{"line":40,"column":11},"end":{"line":40,"column":37}},"type":"cond-expr","locations":[{"start":{"line":40,"column":29},"end":{"line":40,"column":33}},{"start":{"line":40,"column":36},"end":{"line":40,"column":37}}],"line":40},"2":{"loc":{"start":{"line":77,"column":41},"end":{"line":77,"column":71}},"type":"cond-expr","locations":[{"start":{"line":77,"column":55},"end":{"line":77,"column":67}},{"start":{"line":77,"column":70},"end":{"line":77,"column":71}}],"line":77},"3":{"loc":{"start":{"line":108,"column":20},"end":{"line":108,"column":50}},"type":"cond-expr","locations":[{"start":{"line":108,"column":34},"end":{"line":108,"column":40}},{"start":{"line":108,"column":43},"end":{"line":108,"column":50}}],"line":108},"4":{"loc":{"start":{"line":145,"column":42},"end":{"line":145,"column":75}},"type":"binary-expr","locations":[{"start":{"line":145,"column":42},"end":{"line":145,"column":43}},{"start":{"line":145,"column":47},"end":{"line":145,"column":75}}],"line":145},"5":{"loc":{"start":{"line":176,"column":8},"end":{"line":176,"column":55}},"type":"cond-expr","locations":[{"start":{"line":176,"column":28},"end":{"line":176,"column":51}},{"start":{"line":176,"column":54},"end":{"line":176,"column":55}}],"line":176},"6":{"loc":{"start":{"line":200,"column":8},"end":{"line":200,"column":64}},"type":"cond-expr","locations":[{"start":{"line":200,"column":41},"end":{"line":200,"column":59}},{"start":{"line":200,"column":62},"end":{"line":200,"column":64}}],"line":200},"7":{"loc":{"start":{"line":202,"column":50},"end":{"line":202,"column":71}},"type":"cond-expr","locations":[{"start":{"line":202,"column":65},"end":{"line":202,"column":66}},{"start":{"line":202,"column":69},"end":{"line":202,"column":71}}],"line":202},"8":{"loc":{"start":{"line":229,"column":4},"end":{"line":235,"column":5}},"type":"if","locations":[{"start":{"line":229,"column":4},"end":{"line":235,"column":5}},{"start":{"line":231,"column":11},"end":{"line":235,"column":5}}],"line":229},"9":{"loc":{"start":{"line":236,"column":50},"end":{"line":236,"column":77}},"type":"cond-expr","locations":[{"start":{"line":236,"column":71},"end":{"line":236,"column":72}},{"start":{"line":236,"column":75},"end":{"line":236,"column":77}}],"line":236}},"s":{"0":5,"1":20,"2":5,"3":5,"4":20,"5":5,"6":11,"7":24,"8":11,"9":5,"10":17,"11":5,"12":5,"13":20,"14":5,"15":5,"16":20,"17":5,"18":5,"19":20,"20":5,"21":5,"22":5,"23":20,"24":5,"25":5,"26":20,"27":5,"28":5,"29":20,"30":5,"31":6,"32":20,"33":3,"34":3,"35":3,"36":10,"37":3,"38":4,"39":7,"40":4,"41":4,"42":4,"43":4,"44":12,"45":4,"46":5,"47":12,"48":5,"49":5,"50":3,"51":2,"52":2,"53":2,"54":5,"55":18,"56":5,"57":3,"58":3,"59":6,"60":3,"61":3,"62":3},"f":{"0":5,"1":20,"2":5,"3":20,"4":11,"5":24,"6":5,"7":17,"8":5,"9":20,"10":5,"11":20,"12":5,"13":20,"14":5,"15":20,"16":5,"17":20,"18":5,"19":20,"20":6,"21":20,"22":3,"23":3,"24":10,"25":4,"26":7,"27":12,"28":5,"29":12,"30":18,"31":3,"32":6},"b":{"0":[20,6,4],"1":[3,8],"2":[11,9],"3":[11,9],"4":[20,17],"5":[3,7],"6":[1,3],"7":[4,8],"8":[3,2],"9":[5,13]},"_coverageSchema":"1a1c01bbd47fc00a2c39e90264f33305004495a9","hash":"27056b7f699d3cbd7490c261008810a546e9c3a8"}
,"D:\\275\\tasks\\src\\objects.ts": {"path":"D:\\275\\tasks\\src\\objects.ts","statementMap":{"0":{"start":{"line":14,"column":24},"end":{"line":23,"column":5}},"1":{"start":{"line":24,"column":4},"end":{"line":24,"column":13}},"2":{"start":{"line":35,"column":4},"end":{"line":37,"column":6}},"3":{"start":{"line":47,"column":4},"end":{"line":50,"column":6}},"4":{"start":{"line":49,"column":37},"end":{"line":49,"column":49}},"5":{"start":{"line":60,"column":4},"end":{"line":60,"column":70}},"6":{"start":{"line":81,"column":14},"end":{"line":81,"column":16}},"7":{"start":{"line":82,"column":4},"end":{"line":82,"column":39}},"8":{"start":{"line":83,"column":4},"end":{"line":83,"column":25}},"9":{"start":{"line":84,"column":4},"end":{"line":86,"column":5}},"10":{"start":{"line":85,"column":8},"end":{"line":85,"column":22}},"11":{"start":{"line":87,"column":4},"end":{"line":87,"column":41}},"12":{"start":{"line":88,"column":4},"end":{"line":88,"column":15}},"13":{"start":{"line":96,"column":4},"end":{"line":96,"column":46}},"14":{"start":{"line":97,"column":4},"end":{"line":97,"column":20}},"15":{"start":{"line":106,"column":4},"end":{"line":106,"column":63}},"16":{"start":{"line":107,"column":4},"end":{"line":107,"column":20}},"17":{"start":{"line":117,"column":31},"end":{"line":122,"column":5}},"18":{"start":{"line":123,"column":4},"end":{"line":123,"column":20}},"19":{"start":{"line":134,"column":4},"end":{"line":134,"column":74}},"20":{"start":{"line":135,"column":4},"end":{"line":135,"column":20}},"21":{"start":{"line":152,"column":24},"end":{"line":158,"column":5}},"22":{"start":{"line":159,"column":4},"end":{"line":159,"column":13}}},"fnMap":{"0":{"name":"makeBlankQuestion","decl":{"start":{"line":9,"column":16},"end":{"line":9,"column":33}},"loc":{"start":{"line":13,"column":12},"end":{"line":25,"column":1}},"line":13},"1":{"name":"isCorrect","decl":{"start":{"line":34,"column":16},"end":{"line":34,"column":25}},"loc":{"start":{"line":34,"column":71},"end":{"line":38,"column":1}},"line":34},"2":{"name":"isValid","decl":{"start":{"line":46,"column":16},"end":{"line":46,"column":23}},"loc":{"start":{"line":46,"column":69},"end":{"line":51,"column":1}},"line":46},"3":{"name":"(anonymous_3)","decl":{"start":{"line":49,"column":30},"end":{"line":49,"column":31}},"loc":{"start":{"line":49,"column":37},"end":{"line":49,"column":49}},"line":49},"4":{"name":"toShortForm","decl":{"start":{"line":59,"column":16},"end":{"line":59,"column":27}},"loc":{"start":{"line":59,"column":56},"end":{"line":61,"column":1}},"line":59},"5":{"name":"toMarkdown","decl":{"start":{"line":80,"column":16},"end":{"line":80,"column":26}},"loc":{"start":{"line":80,"column":55},"end":{"line":89,"column":1}},"line":80},"6":{"name":"renameQuestion","decl":{"start":{"line":95,"column":16},"end":{"line":95,"column":30}},"loc":{"start":{"line":95,"column":78},"end":{"line":98,"column":1}},"line":95},"7":{"name":"publishQuestion","decl":{"start":{"line":105,"column":16},"end":{"line":105,"column":31}},"loc":{"start":{"line":105,"column":62},"end":{"line":108,"column":1}},"line":105},"8":{"name":"duplicateQuestion","decl":{"start":{"line":116,"column":16},"end":{"line":116,"column":33}},"loc":{"start":{"line":116,"column":79},"end":{"line":124,"column":1}},"line":116},"9":{"name":"addOption","decl":{"start":{"line":133,"column":16},"end":{"line":133,"column":25}},"loc":{"start":{"line":133,"column":75},"end":{"line":136,"column":1}},"line":133},"10":{"name":"mergeQuestion","decl":{"start":{"line":146,"column":16},"end":{"line":146,"column":29}},"loc":{"start":{"line":151,"column":12},"end":{"line":160,"column":1}},"line":151}},"branchMap":{"0":{"loc":{"start":{"line":48,"column":8},"end":{"line":49,"column":50}},"type":"binary-expr","locations":[{"start":{"line":48,"column":8},"end":{"line":48,"column":49}},{"start":{"line":49,"column":8},"end":{"line":49,"column":50}}],"line":48},"1":{"loc":{"start":{"line":84,"column":4},"end":{"line":86,"column":5}},"type":"if","locations":[{"start":{"line":84,"column":4},"end":{"line":86,"column":5}},{"start":{},"end":{}}],"line":84}},"s":{"0":6,"1":6,"2":14,"3":18,"4":24,"5":5,"6":4,"7":4,"8":4,"9":4,"10":2,"11":4,"12":4,"13":2,"14":2,"15":4,"16":4,"17":5,"18":5,"19":2,"20":2,"21":2,"22":2},"f":{"0":6,"1":14,"2":18,"3":24,"4":5,"5":4,"6":2,"7":4,"8":5,"9":2,"10":2},"b":{"0":[18,10],"1":[2,2]},"_coverageSchema":"1a1c01bbd47fc00a2c39e90264f33305004495a9","hash":"9a5a0b0ea88110562c17f0846871e2d9f5866cda"}
,"D:\\275\\tasks\\src\\bad-components\\ChooseTeam.tsx": {"path":"D:\\275\\tasks\\src\\bad-components\\ChooseTeam.tsx","statementMap":{"0":{"start":{"line":4,"column":15},"end":{"line":11,"column":1}},"1":{"start":{"line":14,"column":28},"end":{"line":14,"column":50}},"2":{"start":{"line":22,"column":8},"end":{"line":24,"column":9}},"3":{"start":{"line":23,"column":12},"end":{"line":23,"column":42}},"4":{"start":{"line":31,"column":8},"end":{"line":31,"column":20}},"5":{"start":{"line":34,"column":4},"end":{"line":62,"column":6}},"6":{"start":{"line":41,"column":24},"end":{"line":49,"column":30}},"7":{"start":{"line":44,"column":47},"end":{"line":44,"column":67}},"8":{"start":{"line":56,"column":24},"end":{"line":56,"column":54}}},"fnMap":{"0":{"name":"ChooseTeam","decl":{"start":{"line":13,"column":16},"end":{"line":13,"column":26}},"loc":{"start":{"line":13,"column":42},"end":{"line":63,"column":1}},"line":13},"1":{"name":"chooseMember","decl":{"start":{"line":16,"column":13},"end":{"line":16,"column":25}},"loc":{"start":{"line":16,"column":45},"end":{"line":25,"column":5}},"line":16},"2":{"name":"clearTeam","decl":{"start":{"line":27,"column":13},"end":{"line":27,"column":22}},"loc":{"start":{"line":27,"column":25},"end":{"line":32,"column":5}},"line":27},"3":{"name":"(anonymous_3)","decl":{"start":{"line":39,"column":32},"end":{"line":39,"column":33}},"loc":{"start":{"line":41,"column":24},"end":{"line":49,"column":30}},"line":41},"4":{"name":"(anonymous_4)","decl":{"start":{"line":44,"column":41},"end":{"line":44,"column":42}},"loc":{"start":{"line":44,"column":47},"end":{"line":44,"column":67}},"line":44},"5":{"name":"(anonymous_5)","decl":{"start":{"line":54,"column":30},"end":{"line":54,"column":31}},"loc":{"start":{"line":56,"column":24},"end":{"line":56,"column":54}},"line":56}},"branchMap":{"0":{"loc":{"start":{"line":22,"column":8},"end":{"line":24,"column":9}},"type":"if","locations":[{"start":{"line":22,"column":8},"end":{"line":24,"column":9}},{"start":{},"end":{}}],"line":22}},"s":{"0":2,"1":17,"2":9,"3":9,"4":1,"5":17,"6":102,"7":9,"8":15},"f":{"0":17,"1":9,"2":1,"3":102,"4":9,"5":15},"b":{"0":[9,0]},"_coverageSchema":"1a1c01bbd47fc00a2c39e90264f33305004495a9","hash":"e7a7b7baec4c1481cb970646413daa030615c38d"}
,"D:\\275\\tasks\\src\\bad-components\\ColoredBox.tsx": {"path":"D:\\275\\tasks\\src\\bad-components\\ColoredBox.tsx","statementMap":{"0":{"start":{"line":4,"column":22},"end":{"line":4,"column":46}},"1":{"start":{"line":5,"column":28},"end":{"line":5,"column":29}},"2":{"start":{"line":12,"column":4},"end":{"line":12,"column":63}},"3":{"start":{"line":12,"column":34},"end":{"line":12,"column":41}},"4":{"start":{"line":16,"column":4},"end":{"line":28,"column":6}},"5":{"start":{"line":32,"column":40},"end":{"line":32,"column":77}},"6":{"start":{"line":34,"column":8},"end":{"line":34,"column":56}},"7":{"start":{"line":36,"column":4},"end":{"line":51,"column":6}}},"fnMap":{"0":{"name":"ChangeColor","decl":{"start":{"line":11,"column":9},"end":{"line":11,"column":20}},"loc":{"start":{"line":11,"column":48},"end":{"line":13,"column":1}},"line":11},"1":{"name":"(anonymous_1)","decl":{"start":{"line":12,"column":28},"end":{"line":12,"column":29}},"loc":{"start":{"line":12,"column":34},"end":{"line":12,"column":41}},"line":12},"2":{"name":"ColorPreview","decl":{"start":{"line":15,"column":9},"end":{"line":15,"column":21}},"loc":{"start":{"line":15,"column":49},"end":{"line":29,"column":1}},"line":15},"3":{"name":"ColoredBox","decl":{"start":{"line":31,"column":16},"end":{"line":31,"column":26}},"loc":{"start":{"line":31,"column":42},"end":{"line":52,"column":1}},"line":31},"4":{"name":"updatecolor","decl":{"start":{"line":33,"column":13},"end":{"line":33,"column":24}},"loc":{"start":{"line":33,"column":33},"end":{"line":35,"column":5}},"line":33}},"branchMap":{},"s":{"0":2,"1":2,"2":7,"3":3,"4":7,"5":7,"6":3,"7":7},"f":{"0":7,"1":3,"2":7,"3":7,"4":3},"b":{},"_coverageSchema":"1a1c01bbd47fc00a2c39e90264f33305004495a9","hash":"3b9e7e79cba71d93ffc61c53caee740e1d71541e"}
,"D:\\275\\tasks\\src\\bad-components\\DoubleHalf.tsx": {"path":"D:\\275\\tasks\\src\\bad-components\\DoubleHalf.tsx","statementMap":{"0":{"start":{"line":10,"column":4},"end":{"line":10,"column":75}},"1":{"start":{"line":10,"column":34},"end":{"line":10,"column":57}},"2":{"start":{"line":14,"column":4},"end":{"line":14,"column":76}},"3":{"start":{"line":14,"column":34},"end":{"line":14,"column":59}},"4":{"start":{"line":18,"column":34},"end":{"line":18,"column":54}},"5":{"start":{"line":19,"column":4},"end":{"line":28,"column":6}}},"fnMap":{"0":{"name":"Doubler","decl":{"start":{"line":9,"column":9},"end":{"line":9,"column":16}},"loc":{"start":{"line":9,"column":66},"end":{"line":11,"column":1}},"line":9},"1":{"name":"(anonymous_1)","decl":{"start":{"line":10,"column":28},"end":{"line":10,"column":29}},"loc":{"start":{"line":10,"column":34},"end":{"line":10,"column":57}},"line":10},"2":{"name":"Halver","decl":{"start":{"line":13,"column":9},"end":{"line":13,"column":15}},"loc":{"start":{"line":13,"column":65},"end":{"line":15,"column":1}},"line":13},"3":{"name":"(anonymous_3)","decl":{"start":{"line":14,"column":28},"end":{"line":14,"column":29}},"loc":{"start":{"line":14,"column":34},"end":{"line":14,"column":59}},"line":14},"4":{"name":"DoubleHalf","decl":{"start":{"line":17,"column":16},"end":{"line":17,"column":26}},"loc":{"start":{"line":17,"column":42},"end":{"line":29,"column":1}},"line":17}},"branchMap":{},"s":{"0":14,"1":3,"2":14,"3":5,"4":14,"5":14},"f":{"0":14,"1":3,"2":14,"3":5,"4":14},"b":{},"_coverageSchema":"1a1c01bbd47fc00a2c39e90264f33305004495a9","hash":"a918b6302e8eee3306d9451a66ad83b06da755be"}
,"D:\\275\\tasks\\src\\bad-components\\ShoveBox.tsx": {"path":"D:\\275\\tasks\\src\\bad-components\\ShoveBox.tsx","statementMap":{"0":{"start":{"line":11,"column":4},"end":{"line":13,"column":6}},"1":{"start":{"line":12,"column":31},"end":{"line":12,"column":56}},"2":{"start":{"line":17,"column":4},"end":{"line":30,"column":6}},"3":{"start":{"line":34,"column":36},"end":{"line":34,"column":56}},"4":{"start":{"line":35,"column":16},"end":{"line":35,"column":37}},"5":{"start":{"line":36,"column":4},"end":{"line":48,"column":6}}},"fnMap":{"0":{"name":"ShoveBoxButton","decl":{"start":{"line":4,"column":9},"end":{"line":4,"column":23}},"loc":{"start":{"line":10,"column":3},"end":{"line":14,"column":1}},"line":10},"1":{"name":"(anonymous_1)","decl":{"start":{"line":12,"column":25},"end":{"line":12,"column":26}},"loc":{"start":{"line":12,"column":31},"end":{"line":12,"column":56}},"line":12},"2":{"name":"MoveableBox","decl":{"start":{"line":16,"column":9},"end":{"line":16,"column":20}},"loc":{"start":{"line":16,"column":52},"end":{"line":31,"column":1}},"line":16},"3":{"name":"ShoveBox","decl":{"start":{"line":33,"column":16},"end":{"line":33,"column":24}},"loc":{"start":{"line":33,"column":40},"end":{"line":49,"column":1}},"line":33}},"branchMap":{},"s":{"0":7,"1":3,"2":7,"3":7,"4":7,"5":7},"f":{"0":7,"1":3,"2":7,"3":7},"b":{},"_coverageSchema":"1a1c01bbd47fc00a2c39e90264f33305004495a9","hash":"1f01a58293511c88b0358a153d42e897ec1c28a3"}
,"D:\\275\\tasks\\src\\components\\ChangeType.tsx": {"path":"D:\\275\\tasks\\src\\components\\ChangeType.tsx","statementMap":{"0":{"start":{"line":6,"column":27},"end":{"line":6,"column":74}},"1":{"start":{"line":7,"column":4},"end":{"line":26,"column":6}},"2":{"start":{"line":11,"column":20},"end":{"line":15,"column":21}}},"fnMap":{"0":{"name":"ChangeType","decl":{"start":{"line":5,"column":16},"end":{"line":5,"column":26}},"loc":{"start":{"line":5,"column":42},"end":{"line":27,"column":1}},"line":5},"1":{"name":"(anonymous_1)","decl":{"start":{"line":10,"column":25},"end":{"line":10,"column":26}},"loc":{"start":{"line":11,"column":20},"end":{"line":15,"column":21}},"line":11}},"branchMap":{"0":{"loc":{"start":{"line":12,"column":24},"end":{"line":14,"column":53}},"type":"cond-expr","locations":[{"start":{"line":13,"column":30},"end":{"line":13,"column":56}},{"start":{"line":14,"column":30},"end":{"line":14,"column":53}}],"line":12},"1":{"loc":{"start":{"line":20,"column":13},"end":{"line":24,"column":13}},"type":"cond-expr","locations":[{"start":{"line":21,"column":16},"end":{"line":21,"column":48}},{"start":{"line":23,"column":16},"end":{"line":23,"column":51}}],"line":20}},"s":{"0":9,"1":9,"2":3},"f":{"0":9,"1":3},"b":{"0":[2,1],"1":[7,2]},"_coverageSchema":"1a1c01bbd47fc00a2c39e90264f33305004495a9","hash":"a21bf4c8900e3a1715b3f64e6d13668de881490f"}
,"D:\\275\\tasks\\src\\components\\Counter.tsx": {"path":"D:\\275\\tasks\\src\\components\\Counter.tsx","statementMap":{"0":{"start":{"line":5,"column":30},"end":{"line":5,"column":49}},"1":{"start":{"line":6,"column":4},"end":{"line":11,"column":6}},"2":{"start":{"line":8,"column":35},"end":{"line":8,"column":54}}},"fnMap":{"0":{"name":"Counter","decl":{"start":{"line":4,"column":16},"end":{"line":4,"column":23}},"loc":{"start":{"line":4,"column":39},"end":{"line":12,"column":1}},"line":4},"1":{"name":"(anonymous_1)","decl":{"start":{"line":8,"column":29},"end":{"line":8,"column":30}},"loc":{"start":{"line":8,"column":35},"end":{"line":8,"column":54}},"line":8}},"branchMap":{},"s":{"0":9,"1":9,"2":3},"f":{"0":9,"1":3},"b":{},"_coverageSchema":"1a1c01bbd47fc00a2c39e90264f33305004495a9","hash":"4b21ee5a0d7f68a210b8a95db5b4d156e132db10"}
,"D:\\275\\tasks\\src\\components\\CycleHoliday.tsx": {"path":"D:\\275\\tasks\\src\\components\\CycleHoliday.tsx","statementMap":{"0":{"start":{"line":4,"column":41},"end":{"line":10,"column":1}},"1":{"start":{"line":12,"column":40},"end":{"line":18,"column":1}},"2":{"start":{"line":29,"column":34},"end":{"line":29,"column":58}},"3":{"start":{"line":30,"column":4},"end":{"line":50,"column":6}},"4":{"start":{"line":35,"column":47},"end":{"line":35,"column":76}},"5":{"start":{"line":40,"column":47},"end":{"line":40,"column":75}}},"fnMap":{"0":{"name":"CycleHoliday","decl":{"start":{"line":28,"column":16},"end":{"line":28,"column":28}},"loc":{"start":{"line":28,"column":44},"end":{"line":51,"column":1}},"line":28},"1":{"name":"(anonymous_1)","decl":{"start":{"line":35,"column":41},"end":{"line":35,"column":42}},"loc":{"start":{"line":35,"column":47},"end":{"line":35,"column":76}},"line":35},"2":{"name":"(anonymous_2)","decl":{"start":{"line":40,"column":41},"end":{"line":40,"column":42}},"loc":{"start":{"line":40,"column":47},"end":{"line":40,"column":75}},"line":40}},"branchMap":{},"s":{"0":2,"1":2,"2":17,"3":17,"4":6,"5":6},"f":{"0":17,"1":6,"2":6},"b":{},"_coverageSchema":"1a1c01bbd47fc00a2c39e90264f33305004495a9","hash":"c23cb2c1dc1de23b5054706eca93368d3fa1dd61"}
,"D:\\275\\tasks\\src\\components\\RevealAnswer.tsx": {"path":"D:\\275\\tasks\\src\\components\\RevealAnswer.tsx","statementMap":{"0":{"start":{"line":5,"column":34},"end":{"line":5,"column":58}},"1":{"start":{"line":6,"column":4},"end":{"line":11,"column":6}},"2":{"start":{"line":8,"column":35},"end":{"line":8,"column":55}}},"fnMap":{"0":{"name":"RevealAnswer","decl":{"start":{"line":4,"column":16},"end":{"line":4,"column":28}},"loc":{"start":{"line":4,"column":44},"end":{"line":12,"column":1}},"line":4},"1":{"name":"(anonymous_1)","decl":{"start":{"line":8,"column":29},"end":{"line":8,"column":30}},"loc":{"start":{"line":8,"column":35},"end":{"line":8,"column":55}},"line":8}},"branchMap":{"0":{"loc":{"start":{"line":9,"column":13},"end":{"line":9,"column":37}},"type":"binary-expr","locations":[{"start":{"line":9,"column":13},"end":{"line":9,"column":20}},{"start":{"line":9,"column":24},"end":{"line":9,"column":37}}],"line":9}},"s":{"0":8,"1":8,"2":3},"f":{"0":8,"1":3},"b":{"0":[8,2]},"_coverageSchema":"1a1c01bbd47fc00a2c39e90264f33305004495a9","hash":"468a167a7e45190f13664156e4fe3d9166cc5fb1"}
,"D:\\275\\tasks\\src\\components\\StartAttempt.tsx": {"path":"D:\\275\\tasks\\src\\components\\StartAttempt.tsx","statementMap":{"0":{"start":{"line":5,"column":36},"end":{"line":5,"column":55}},"1":{"start":{"line":6,"column":32},"end":{"line":6,"column":56}},"2":{"start":{"line":8,"column":8},"end":{"line":8,"column":34}},"3":{"start":{"line":9,"column":8},"end":{"line":9,"column":24}},"4":{"start":{"line":11,"column":4},"end":{"line":50,"column":6}},"5":{"start":{"line":17,"column":43},"end":{"line":17,"column":51}},"6":{"start":{"line":25,"column":43},"end":{"line":25,"column":59}},"7":{"start":{"line":33,"column":43},"end":{"line":33,"column":68}}},"fnMap":{"0":{"name":"StartAttempt","decl":{"start":{"line":4,"column":16},"end":{"line":4,"column":28}},"loc":{"start":{"line":4,"column":44},"end":{"line":51,"column":1}},"line":4},"1":{"name":"startq","decl":{"start":{"line":7,"column":13},"end":{"line":7,"column":19}},"loc":{"start":{"line":7,"column":28},"end":{"line":10,"column":5}},"line":7},"2":{"name":"(anonymous_2)","decl":{"start":{"line":17,"column":37},"end":{"line":17,"column":38}},"loc":{"start":{"line":17,"column":43},"end":{"line":17,"column":51}},"line":17},"3":{"name":"(anonymous_3)","decl":{"start":{"line":25,"column":37},"end":{"line":25,"column":38}},"loc":{"start":{"line":25,"column":43},"end":{"line":25,"column":59}},"line":25},"4":{"name":"(anonymous_4)","decl":{"start":{"line":33,"column":37},"end":{"line":33,"column":38}},"loc":{"start":{"line":33,"column":43},"end":{"line":33,"column":68}},"line":33}},"branchMap":{"0":{"loc":{"start":{"line":18,"column":38},"end":{"line":18,"column":61}},"type":"binary-expr","locations":[{"start":{"line":18,"column":38},"end":{"line":18,"column":44}},{"start":{"line":18,"column":48},"end":{"line":18,"column":61}}],"line":18},"1":{"loc":{"start":{"line":42,"column":38},"end":{"line":42,"column":62}},"type":"cond-expr","locations":[{"start":{"line":42,"column":47},"end":{"line":42,"column":51}},{"start":{"line":42,"column":54},"end":{"line":42,"column":62}}],"line":42}},"s":{"0":65,"1":65,"2":16,"3":16,"4":65,"5":16,"6":12,"7":10},"f":{"0":65,"1":16,"2":16,"3":12,"4":10},"b":{"0":[65,49],"1":[16,49]},"_coverageSchema":"1a1c01bbd47fc00a2c39e90264f33305004495a9","hash":"33ef7efbb3117fc781ffe14b5dd2be1a104ac789"}
,"D:\\275\\tasks\\src\\components\\TwoDice.tsx": {"path":"D:\\275\\tasks\\src\\components\\TwoDice.tsx","statementMap":{"0":{"start":{"line":11,"column":4},"end":{"line":11,"column":45}},"1":{"start":{"line":25,"column":24},"end":{"line":25,"column":43}},"2":{"start":{"line":26,"column":24},"end":{"line":26,"column":43}},"3":{"start":{"line":27,"column":12},"end":{"line":27,"column":14}},"4":{"start":{"line":28,"column":4},"end":{"line":34,"column":5}},"5":{"start":{"line":29,"column":8},"end":{"line":33,"column":9}},"6":{"start":{"line":30,"column":12},"end":{"line":30,"column":22}},"7":{"start":{"line":32,"column":12},"end":{"line":32,"column":23}},"8":{"start":{"line":35,"column":4},"end":{"line":57,"column":6}},"9":{"start":{"line":40,"column":47},"end":{"line":40,"column":58}},"10":{"start":{"line":43,"column":47},"end":{"line":43,"column":58}}},"fnMap":{"0":{"name":"d6","decl":{"start":{"line":10,"column":16},"end":{"line":10,"column":18}},"loc":{"start":{"line":10,"column":29},"end":{"line":12,"column":1}},"line":10},"1":{"name":"TwoDice","decl":{"start":{"line":24,"column":16},"end":{"line":24,"column":23}},"loc":{"start":{"line":24,"column":39},"end":{"line":58,"column":1}},"line":24},"2":{"name":"(anonymous_2)","decl":{"start":{"line":40,"column":41},"end":{"line":40,"column":42}},"loc":{"start":{"line":40,"column":47},"end":{"line":40,"column":58}},"line":40},"3":{"name":"(anonymous_3)","decl":{"start":{"line":43,"column":41},"end":{"line":43,"column":42}},"loc":{"start":{"line":43,"column":47},"end":{"line":43,"column":58}},"line":43}},"branchMap":{"0":{"loc":{"start":{"line":28,"column":4},"end":{"line":34,"column":5}},"type":"if","locations":[{"start":{"line":28,"column":4},"end":{"line":34,"column":5}},{"start":{},"end":{}}],"line":28},"1":{"loc":{"start":{"line":29,"column":8},"end":{"line":33,"column":9}},"type":"if","locations":[{"start":{"line":29,"column":8},"end":{"line":33,"column":9}},{"start":{"line":31,"column":15},"end":{"line":33,"column":9}}],"line":29}},"s":{"0":17,"1":26,"2":26,"3":26,"4":26,"5":2,"6":1,"7":1,"8":26,"9":8,"10":9},"f":{"0":17,"1":26,"2":8,"3":9},"b":{"0":[2,24],"1":[1,1]},"_coverageSchema":"1a1c01bbd47fc00a2c39e90264f33305004495a9","hash":"6adcb67c94fc0670376a62bb1838e0fde4fb0840"}
,"D:\\275\\tasks\\src\\form-components\\ChangeColor.tsx": {"path":"D:\\275\\tasks\\src\\form-components\\ChangeColor.tsx","statementMap":{"0":{"start":{"line":5,"column":29},"end":{"line":14,"column":5}},"1":{"start":{"line":15,"column":30},"end":{"line":15,"column":53}},"2":{"start":{"line":16,"column":4},"end":{"line":42,"column":6}},"3":{"start":{"line":19,"column":16},"end":{"line":29,"column":18}},"4":{"start":{"line":24,"column":37},"end":{"line":24,"column":61}}},"fnMap":{"0":{"name":"ChangeColor","decl":{"start":{"line":4,"column":16},"end":{"line":4,"column":27}},"loc":{"start":{"line":4,"column":43},"end":{"line":43,"column":1}},"line":4},"1":{"name":"(anonymous_1)","decl":{"start":{"line":18,"column":24},"end":{"line":18,"column":25}},"loc":{"start":{"line":19,"column":16},"end":{"line":29,"column":18}},"line":19},"2":{"name":"(anonymous_2)","decl":{"start":{"line":24,"column":30},"end":{"line":24,"column":31}},"loc":{"start":{"line":24,"column":37},"end":{"line":24,"column":61}},"line":24}},"branchMap":{},"s":{"0":6,"1":6,"2":6,"3":48,"4":3},"f":{"0":6,"1":48,"2":3},"b":{},"_coverageSchema":"1a1c01bbd47fc00a2c39e90264f33305004495a9","hash":"adfe270f14ed79eaee4f225e1697f293bb178bb8"}
,"D:\\275\\tasks\\src\\form-components\\CheckAnswer.tsx": {"path":"D:\\275\\tasks\\src\\form-components\\CheckAnswer.tsx","statementMap":{"0":{"start":{"line":9,"column":26},"end":{"line":9,"column":46}},"1":{"start":{"line":11,"column":8},"end":{"line":11,"column":35}},"2":{"start":{"line":14,"column":4},"end":{"line":22,"column":6}}},"fnMap":{"0":{"name":"CheckAnswer","decl":{"start":{"line":4,"column":16},"end":{"line":4,"column":27}},"loc":{"start":{"line":8,"column":16},"end":{"line":23,"column":1}},"line":8},"1":{"name":"updateans","decl":{"start":{"line":10,"column":13},"end":{"line":10,"column":22}},"loc":{"start":{"line":10,"column":67},"end":{"line":12,"column":5}},"line":10}},"branchMap":{"0":{"loc":{"start":{"line":20,"column":13},"end":{"line":20,"column":48}},"type":"cond-expr","locations":[{"start":{"line":20,"column":38},"end":{"line":20,"column":42}},{"start":{"line":20,"column":45},"end":{"line":20,"column":48}}],"line":20}},"s":{"0":18,"1":11,"2":18},"f":{"0":18,"1":11},"b":{"0":[2,16]},"_coverageSchema":"1a1c01bbd47fc00a2c39e90264f33305004495a9","hash":"12e844d9fb453e4f63da64125242af5be9a5d3eb"}
,"D:\\275\\tasks\\src\\form-components\\EditMode.tsx": {"path":"D:\\275\\tasks\\src\\form-components\\EditMode.tsx","statementMap":{"0":{"start":{"line":5,"column":26},"end":{"line":5,"column":50}},"1":{"start":{"line":6,"column":28},"end":{"line":6,"column":57}},"2":{"start":{"line":7,"column":31},"end":{"line":7,"column":54}},"3":{"start":{"line":9,"column":8},"end":{"line":9,"column":36}},"4":{"start":{"line":11,"column":4},"end":{"line":40,"column":6}},"5":{"start":{"line":18,"column":32},"end":{"line":18,"column":44}},"6":{"start":{"line":31,"column":40},"end":{"line":31,"column":57}}},"fnMap":{"0":{"name":"EditMode","decl":{"start":{"line":4,"column":16},"end":{"line":4,"column":24}},"loc":{"start":{"line":4,"column":40},"end":{"line":41,"column":1}},"line":4},"1":{"name":"updatename","decl":{"start":{"line":8,"column":13},"end":{"line":8,"column":23}},"loc":{"start":{"line":8,"column":68},"end":{"line":10,"column":5}},"line":8},"2":{"name":"(anonymous_2)","decl":{"start":{"line":18,"column":26},"end":{"line":18,"column":27}},"loc":{"start":{"line":18,"column":32},"end":{"line":18,"column":44}},"line":18},"3":{"name":"(anonymous_3)","decl":{"start":{"line":31,"column":34},"end":{"line":31,"column":35}},"loc":{"start":{"line":31,"column":40},"end":{"line":31,"column":57}},"line":31}},"branchMap":{"0":{"loc":{"start":{"line":20,"column":13},"end":{"line":38,"column":13}},"type":"cond-expr","locations":[{"start":{"line":21,"column":16},"end":{"line":33,"column":22}},{"start":{"line":35,"column":16},"end":{"line":37,"column":23}}],"line":20},"1":{"loc":{"start":{"line":36,"column":31},"end":{"line":36,"column":51}},"type":"cond-expr","locations":[{"start":{"line":36,"column":41},"end":{"line":36,"column":43}},{"start":{"line":36,"column":46},"end":{"line":36,"column":51}}],"line":36}},"s":{"0":37,"1":37,"2":37,"3":23,"4":37,"5":5,"6":3},"f":{"0":37,"1":23,"2":5,"3":3},"b":{"0":[29,8],"1":[7,1]},"_coverageSchema":"1a1c01bbd47fc00a2c39e90264f33305004495a9","hash":"0e9340bc0b42d93256d8a85d2476668eb5c8a938"}
,"D:\\275\\tasks\\src\\form-components\\GiveAttempts.tsx": {"path":"D:\\275\\tasks\\src\\form-components\\GiveAttempts.tsx","statementMap":{"0":{"start":{"line":5,"column":36},"end":{"line":5,"column":55}},"1":{"start":{"line":6,"column":28},"end":{"line":6,"column":48}},"2":{"start":{"line":8,"column":8},"end":{"line":8,"column":36}},"3":{"start":{"line":10,"column":4},"end":{"line":33,"column":6}},"4":{"start":{"line":22,"column":31},"end":{"line":22,"column":76}},"5":{"start":{"line":27,"column":31},"end":{"line":27,"column":56}}},"fnMap":{"0":{"name":"GiveAttempts","decl":{"start":{"line":4,"column":16},"end":{"line":4,"column":28}},"loc":{"start":{"line":4,"column":44},"end":{"line":34,"column":1}},"line":4},"1":{"name":"updateinpt","decl":{"start":{"line":7,"column":13},"end":{"line":7,"column":23}},"loc":{"start":{"line":7,"column":74},"end":{"line":9,"column":5}},"line":7},"2":{"name":"(anonymous_2)","decl":{"start":{"line":22,"column":25},"end":{"line":22,"column":26}},"loc":{"start":{"line":22,"column":31},"end":{"line":22,"column":76}},"line":22},"3":{"name":"(anonymous_3)","decl":{"start":{"line":27,"column":25},"end":{"line":27,"column":26}},"loc":{"start":{"line":27,"column":31},"end":{"line":27,"column":56}},"line":27}},"branchMap":{"0":{"loc":{"start":{"line":22,"column":55},"end":{"line":22,"column":74}},"type":"binary-expr","locations":[{"start":{"line":22,"column":55},"end":{"line":22,"column":69}},{"start":{"line":22,"column":73},"end":{"line":22,"column":74}}],"line":22}},"s":{"0":16,"1":16,"2":5,"3":16,"4":3,"5":3},"f":{"0":16,"1":5,"2":3,"3":3},"b":{"0":[3,1]},"_coverageSchema":"1a1c01bbd47fc00a2c39e90264f33305004495a9","hash":"acc65b885079aac1af50fdb0a3073f085be4b277"}
,"D:\\275\\tasks\\src\\form-components\\MultipleChoiceQuestion.tsx": {"path":"D:\\275\\tasks\\src\\form-components\\MultipleChoiceQuestion.tsx","statementMap":{"0":{"start":{"line":11,"column":26},"end":{"line":11,"column":46}},"1":{"start":{"line":13,"column":8},"end":{"line":13,"column":35}},"2":{"start":{"line":15,"column":4},"end":{"line":30,"column":6}},"3":{"start":{"line":22,"column":24},"end":{"line":24,"column":33}}},"fnMap":{"0":{"name":"MultipleChoiceQuestion","decl":{"start":{"line":4,"column":16},"end":{"line":4,"column":38}},"loc":{"start":{"line":10,"column":16},"end":{"line":31,"column":1}},"line":10},"1":{"name":"updateans","decl":{"start":{"line":12,"column":13},"end":{"line":12,"column":22}},"loc":{"start":{"line":12,"column":74},"end":{"line":14,"column":5}},"line":12},"2":{"name":"(anonymous_2)","decl":{"start":{"line":20,"column":33},"end":{"line":20,"column":34}},"loc":{"start":{"line":22,"column":24},"end":{"line":24,"column":33}},"line":22}},"branchMap":{"0":{"loc":{"start":{"line":28,"column":13},"end":{"line":28,"column":48}},"type":"cond-expr","locations":[{"start":{"line":28,"column":38},"end":{"line":28,"column":42}},{"start":{"line":28,"column":45},"end":{"line":28,"column":48}}],"line":28}},"s":{"0":12,"1":5,"2":12,"3":34},"f":{"0":12,"1":5,"2":34},"b":{"0":[4,8]},"_coverageSchema":"1a1c01bbd47fc00a2c39e90264f33305004495a9","hash":"774707ebce3c384468c88518b868ed43a9392ebb"}
,"D:\\275\\tasks\\src\\interfaces\\answer.ts": {"path":"D:\\275\\tasks\\src\\interfaces\\answer.ts","statementMap":{},"fnMap":{},"branchMap":{},"s":{},"f":{},"b":{}}
,"D:\\275\\tasks\\src\\interfaces\\question.ts": {"path":"D:\\275\\tasks\\src\\interfaces\\question.ts","statementMap":{},"fnMap":{},"branchMap":{},"s":{},"f":{},"b":{}}
}
