TN:
SF:src\App.tsx
FN:20,App
FNF:1
FNH:1
FNDA:1,App
DA:21,1
LF:1
LH:1
BRF:0
BRH:0
end_of_record
TN:
SF:src\arrays.ts
FN:7,bookEndList
FN:19,tripleNumbers
FN:20,(anonymous_2)
FN:28,stringsToIntegers
FN:29,(anonymous_4)
FN:42,(anonymous_5)
FN:43,(anonymous_6)
FN:44,(anonymous_7)
FN:55,(anonymous_8)
FN:56,(anonymous_9)
FN:57,(anonymous_10)
FN:67,countShortWords
FN:69,(anonymous_12)
FN:79,allRGB
FN:84,(anonymous_14)
FN:97,makeMath
FN:101,(anonymous_16)
FN:116,injectPositive
FN:117,(anonymous_18)
FN:121,(anonymous_19)
FNF:20
FNH:20
FNDA:6,bookEndList
FNDA:6,tripleNumbers
FNDA:17,(anonymous_2)
FNDA:7,stringsToIntegers
FNDA:18,(anonymous_4)
FNDA:8,(anonymous_5)
FNDA:22,(anonymous_6)
FNDA:22,(anonymous_7)
FNDA:6,(anonymous_8)
FNDA:20,(anonymous_9)
FNDA:15,(anonymous_10)
FNDA:6,countShortWords
FNDA:22,(anonymous_12)
FNDA:9,allRGB
FNDA:19,(anonymous_14)
FNDA:5,makeMath
FNDA:12,(anonymous_16)
FNDA:7,injectPositive
FNDA:17,(anonymous_18)
FNDA:15,(anonymous_19)
DA:8,6
DA:9,1
DA:11,5
DA:20,17
DA:21,6
DA:29,7
DA:30,18
DA:32,7
DA:42,1
DA:43,22
DA:44,8
DA:45,22
DA:47,8
DA:55,1
DA:56,20
DA:57,6
DA:58,15
DA:60,6
DA:68,6
DA:69,22
DA:71,6
DA:80,9
DA:81,1
DA:83,8
DA:84,19
DA:87,8
DA:98,5
DA:99,1
DA:101,12
DA:102,4
DA:103,4
DA:104,4
DA:117,17
DA:118,7
DA:119,7
DA:121,15
DA:122,7
DA:123,7
DA:124,5
DA:126,2
DA:128,7
LF:41
LH:41
BRDA:8,0,0,1
BRDA:8,0,1,5
BRDA:30,1,0,6
BRDA:30,1,1,12
BRDA:45,2,0,7
BRDA:45,2,1,15
BRDA:58,3,0,8
BRDA:58,3,1,7
BRDA:80,4,0,1
BRDA:80,4,1,8
BRDA:84,5,0,19
BRDA:84,5,1,10
BRDA:84,5,2,7
BRDA:98,6,0,1
BRDA:98,6,1,4
BRDA:118,7,0,5
BRDA:118,7,1,2
BRDA:123,8,0,5
BRDA:123,8,1,2
BRF:19
BRH:19
end_of_record
TN:
SF:src\functions.ts
FN:6,fahrenheitToCelius
FN:14,add3
FN:16,(anonymous_2)
FN:17,(anonymous_3)
FN:24,shout
FN:32,isQuestion
FN:41,convertYesNo
FNF:7
FNH:7
FNDA:7,fahrenheitToCelius
FNDA:6,add3
FNDA:18,(anonymous_2)
FNDA:11,(anonymous_3)
FNDA:6,shout
FNDA:7,isQuestion
FNDA:9,convertYesNo
DA:7,7
DA:15,6
DA:16,18
DA:17,11
DA:25,6
DA:33,7
DA:42,9
DA:43,2
DA:44,7
DA:45,2
DA:47,5
LF:11
LH:11
BRDA:42,0,0,2
BRDA:42,0,1,7
BRDA:44,1,0,2
BRDA:44,1,1,5
BRF:4
BRH:4
end_of_record
TN:
SF:src\nested.ts
FN:9,getPublishedQuestions
FN:11,(anonymous_1)
FN:21,getNonEmptyQuestions
FN:23,(anonymous_3)
FN:33,findQuestion
FN:38,(anonymous_5)
FN:47,removeQuestion
FN:48,(anonymous_7)
FN:56,getNames
FN:57,(anonymous_9)
FN:64,sumPoints
FN:66,(anonymous_11)
FN:75,sumPublishedPoints
FN:77,(anonymous_13)
FN:100,toCSV
FN:104,(anonymous_15)
FN:120,makeAnswers
FN:121,(anonymous_17)
FN:134,publishAll
FN:135,(anonymous_19)
FN:143,sameType
FN:145,(anonymous_21)
FN:155,addNewQuestion
FN:170,renameQuestionById
FN:175,(anonymous_24)
FN:188,changeQuestionTypeById
FN:196,(anonymous_26)
FN:202,(anonymous_27)
FN:216,editOption
FN:223,(anonymous_29)
FN:236,(anonymous_30)
FN:246,duplicateQuestionInArray
FN:253,(anonymous_32)
FNF:33
FNH:33
FNDA:5,getPublishedQuestions
FNDA:20,(anonymous_1)
FNDA:5,getNonEmptyQuestions
FNDA:20,(anonymous_3)
FNDA:11,findQuestion
FNDA:24,(anonymous_5)
FNDA:5,removeQuestion
FNDA:17,(anonymous_7)
FNDA:5,getNames
FNDA:20,(anonymous_9)
FNDA:5,sumPoints
FNDA:20,(anonymous_11)
FNDA:5,sumPublishedPoints
FNDA:20,(anonymous_13)
FNDA:5,toCSV
FNDA:20,(anonymous_15)
FNDA:5,makeAnswers
FNDA:20,(anonymous_17)
FNDA:5,publishAll
FNDA:20,(anonymous_19)
FNDA:6,sameType
FNDA:20,(anonymous_21)
FNDA:3,addNewQuestion
FNDA:3,renameQuestionById
FNDA:10,(anonymous_24)
FNDA:4,changeQuestionTypeById
FNDA:7,(anonymous_26)
FNDA:12,(anonymous_27)
FNDA:5,editOption
FNDA:12,(anonymous_29)
FNDA:18,(anonymous_30)
FNDA:3,duplicateQuestionInArray
FNDA:6,(anonymous_32)
DA:10,5
DA:11,20
DA:13,5
DA:22,5
DA:24,20
DA:26,5
DA:37,11
DA:38,24
DA:40,11
DA:48,17
DA:49,5
DA:57,20
DA:58,5
DA:65,5
DA:66,20
DA:69,5
DA:76,5
DA:77,20
DA:80,5
DA:101,5
DA:102,5
DA:105,20
DA:112,5
DA:121,20
DA:127,5
DA:135,20
DA:136,5
DA:144,6
DA:145,20
DA:161,3
DA:162,3
DA:175,3
DA:176,10
DA:178,3
DA:193,4
DA:196,7
DA:198,4
DA:200,4
DA:201,4
DA:202,12
DA:203,4
DA:222,5
DA:223,12
DA:225,5
DA:229,5
DA:230,3
DA:232,2
DA:233,2
DA:234,2
DA:236,18
DA:237,5
DA:251,3
DA:252,3
DA:253,6
DA:255,3
DA:256,3
DA:257,3
LF:57
LH:57
BRDA:24,0,0,20
BRDA:24,0,1,6
BRDA:24,0,2,4
BRDA:40,1,0,3
BRDA:40,1,1,8
BRDA:77,2,0,11
BRDA:77,2,1,9
BRDA:108,3,0,11
BRDA:108,3,1,9
BRDA:145,4,0,20
BRDA:145,4,1,17
BRDA:176,5,0,3
BRDA:176,5,1,7
BRDA:200,6,0,1
BRDA:200,6,1,3
BRDA:202,7,0,4
BRDA:202,7,1,8
BRDA:229,8,0,3
BRDA:229,8,1,2
BRDA:236,9,0,5
BRDA:236,9,1,13
BRF:21
BRH:21
end_of_record
TN:
SF:src\objects.ts
FN:9,makeBlankQuestion
FN:34,isCorrect
FN:46,isValid
FN:49,(anonymous_3)
FN:59,toShortForm
FN:80,toMarkdown
FN:95,renameQuestion
FN:105,publishQuestion
FN:116,duplicateQuestion
FN:133,addOption
FN:146,mergeQuestion
FNF:11
FNH:11
FNDA:6,makeBlankQuestion
FNDA:14,isCorrect
FNDA:18,isValid
FNDA:24,(anonymous_3)
FNDA:5,toShortForm
FNDA:4,toMarkdown
FNDA:2,renameQuestion
FNDA:4,publishQuestion
FNDA:5,duplicateQuestion
FNDA:2,addOption
FNDA:2,mergeQuestion
DA:14,6
DA:24,6
DA:35,14
DA:47,18
DA:49,24
DA:60,5
DA:81,4
DA:82,4
DA:83,4
DA:84,4
DA:85,2
DA:87,4
DA:88,4
DA:96,2
DA:97,2
DA:106,4
DA:107,4
DA:117,5
DA:123,5
DA:134,2
DA:135,2
DA:152,2
DA:159,2
LF:23
LH:23
BRDA:48,0,0,18
BRDA:48,0,1,10
BRDA:84,1,0,2
BRDA:84,1,1,2
BRF:4
BRH:4
end_of_record
TN:
SF:src\bad-components\ChooseTeam.tsx
FN:13,ChooseTeam
FN:16,chooseMember
FN:27,clearTeam
FN:39,(anonymous_3)
FN:44,(anonymous_4)
FN:54,(anonymous_5)
FNF:6
FNH:6
FNDA:17,ChooseTeam
FNDA:9,chooseMember
FNDA:1,clearTeam
FNDA:102,(anonymous_3)
FNDA:9,(anonymous_4)
FNDA:15,(anonymous_5)
DA:4,2
DA:14,17
DA:22,9
DA:23,9
DA:31,1
DA:34,17
DA:41,102
DA:44,9
DA:56,15
LF:9
LH:9
BRDA:22,0,0,9
BRDA:22,0,1,0
BRF:2
BRH:1
end_of_record
TN:
SF:src\bad-components\ColoredBox.tsx
FN:11,ChangeColor
FN:12,(anonymous_1)
FN:15,ColorPreview
FN:31,ColoredBox
FN:33,updatecolor
FNF:5
FNH:5
FNDA:7,ChangeColor
FNDA:3,(anonymous_1)
FNDA:7,ColorPreview
FNDA:7,ColoredBox
FNDA:3,updatecolor
DA:4,2
DA:5,2
DA:12,7
DA:16,7
DA:32,7
DA:34,3
DA:36,7
LF:7
LH:7
BRF:0
BRH:0
end_of_record
TN:
SF:src\bad-components\DoubleHalf.tsx
FN:9,Doubler
FN:10,(anonymous_1)
FN:13,Halver
FN:14,(anonymous_3)
FN:17,DoubleHalf
FNF:5
FNH:5
FNDA:14,Doubler
FNDA:3,(anonymous_1)
FNDA:14,Halver
FNDA:5,(anonymous_3)
FNDA:14,DoubleHalf
DA:10,14
DA:14,14
DA:18,14
DA:19,14
LF:4
LH:4
BRF:0
BRH:0
end_of_record
TN:
SF:src\bad-components\ShoveBox.tsx
FN:4,ShoveBoxButton
FN:12,(anonymous_1)
FN:16,MoveableBox
FN:33,ShoveBox
FNF:4
FNH:4
FNDA:7,ShoveBoxButton
FNDA:3,(anonymous_1)
FNDA:7,MoveableBox
FNDA:7,ShoveBox
DA:11,7
DA:12,3
DA:17,7
DA:34,7
DA:35,7
DA:36,7
LF:6
LH:6
BRF:0
BRH:0
end_of_record
TN:
SF:src\components\ChangeType.tsx
FN:5,ChangeType
FN:10,(anonymous_1)
FNF:2
FNH:2
FNDA:9,ChangeType
FNDA:3,(anonymous_1)
DA:6,9
DA:7,9
DA:11,3
LF:3
LH:3
BRDA:12,0,0,2
BRDA:12,0,1,1
BRDA:20,1,0,7
BRDA:20,1,1,2
BRF:4
BRH:4
end_of_record
TN:
SF:src\components\Counter.tsx
FN:4,Counter
FN:8,(anonymous_1)
FNF:2
FNH:2
FNDA:9,Counter
FNDA:3,(anonymous_1)
DA:5,9
DA:6,9
DA:8,3
LF:3
LH:3
BRF:0
BRH:0
end_of_record
TN:
SF:src\components\CycleHoliday.tsx
FN:28,CycleHoliday
FN:35,(anonymous_1)
FN:40,(anonymous_2)
FNF:3
FNH:3
FNDA:17,CycleHoliday
FNDA:6,(anonymous_1)
FNDA:6,(anonymous_2)
DA:4,2
DA:12,2
DA:29,17
DA:30,17
DA:35,6
DA:40,6
LF:6
LH:6
BRF:0
BRH:0
end_of_record
TN:
SF:src\components\RevealAnswer.tsx
FN:4,RevealAnswer
FN:8,(anonymous_1)
FNF:2
FNH:2
FNDA:8,RevealAnswer
FNDA:3,(anonymous_1)
DA:5,8
DA:6,8
DA:8,3
LF:3
LH:3
BRDA:9,0,0,8
BRDA:9,0,1,2
BRF:2
BRH:2
end_of_record
TN:
SF:src\components\StartAttempt.tsx
FN:4,StartAttempt
FN:7,startq
FN:17,(anonymous_2)
FN:25,(anonymous_3)
FN:33,(anonymous_4)
FNF:5
FNH:5
FNDA:65,StartAttempt
FNDA:16,startq
FNDA:16,(anonymous_2)
FNDA:12,(anonymous_3)
FNDA:10,(anonymous_4)
DA:5,65
DA:6,65
DA:8,16
DA:9,16
DA:11,65
DA:17,16
DA:25,12
DA:33,10
LF:8
LH:8
BRDA:18,0,0,65
BRDA:18,0,1,49
BRDA:42,1,0,16
BRDA:42,1,1,49
BRF:4
BRH:4
end_of_record
TN:
SF:src\components\TwoDice.tsx
FN:10,d6
FN:24,TwoDice
FN:40,(anonymous_2)
FN:43,(anonymous_3)
FNF:4
FNH:4
FNDA:17,d6
FNDA:26,TwoDice
FNDA:8,(anonymous_2)
FNDA:9,(anonymous_3)
DA:11,17
DA:25,26
DA:26,26
DA:27,26
DA:28,26
DA:29,2
DA:30,1
DA:32,1
DA:35,26
DA:40,8
DA:43,9
LF:11
LH:11
BRDA:28,0,0,2
BRDA:28,0,1,24
BRDA:29,1,0,1
BRDA:29,1,1,1
BRF:4
BRH:4
end_of_record
TN:
SF:src\form-components\ChangeColor.tsx
FN:4,ChangeColor
FN:18,(anonymous_1)
FN:24,(anonymous_2)
FNF:3
FNH:3
FNDA:6,ChangeColor
FNDA:48,(anonymous_1)
FNDA:3,(anonymous_2)
DA:5,6
DA:15,6
DA:16,6
DA:19,48
DA:24,3
LF:5
LH:5
BRF:0
BRH:0
end_of_record
TN:
SF:src\form-components\CheckAnswer.tsx
FN:4,CheckAnswer
FN:10,updateans
FNF:2
FNH:2
FNDA:18,CheckAnswer
FNDA:11,updateans
DA:9,18
DA:11,11
DA:14,18
LF:3
LH:3
BRDA:20,0,0,2
BRDA:20,0,1,16
BRF:2
BRH:2
end_of_record
TN:
SF:src\form-components\EditMode.tsx
FN:4,EditMode
FN:8,updatename
FN:18,(anonymous_2)
FN:31,(anonymous_3)
FNF:4
FNH:4
FNDA:37,EditMode
FNDA:23,updatename
FNDA:5,(anonymous_2)
FNDA:3,(anonymous_3)
DA:5,37
DA:6,37
DA:7,37
DA:9,23
DA:11,37
DA:18,5
DA:31,3
LF:7
LH:7
BRDA:20,0,0,29
BRDA:20,0,1,8
BRDA:36,1,0,7
BRDA:36,1,1,1
BRF:4
BRH:4
end_of_record
TN:
SF:src\form-components\GiveAttempts.tsx
FN:4,GiveAttempts
FN:7,updateinpt
FN:22,(anonymous_2)
FN:27,(anonymous_3)
FNF:4
FNH:4
FNDA:16,GiveAttempts
FNDA:5,updateinpt
FNDA:3,(anonymous_2)
FNDA:3,(anonymous_3)
DA:5,16
DA:6,16
DA:8,5
DA:10,16
DA:22,3
DA:27,3
LF:6
LH:6
BRDA:22,0,0,3
BRDA:22,0,1,1
BRF:2
BRH:2
end_of_record
TN:
SF:src\form-components\MultipleChoiceQuestion.tsx
FN:4,MultipleChoiceQuestion
FN:12,updateans
FN:20,(anonymous_2)
FNF:3
FNH:3
FNDA:12,MultipleChoiceQuestion
FNDA:5,updateans
FNDA:34,(anonymous_2)
DA:11,12
DA:13,5
DA:15,12
DA:22,34
LF:4
LH:4
BRDA:28,0,0,4
BRDA:28,0,1,8
BRF:2
BRH:2
end_of_record
TN:
SF:src\interfaces\answer.ts
FNF:0
FNH:0
LF:0
LH:0
BRF:0
BRH:0
end_of_record
TN:
SF:src\interfaces\question.ts
FNF:0
FNH:0
LF:0
LH:0
BRF:0
BRH:0
end_of_record
